[2016-10-19 09:51:01] local.ERROR: exception 'UnexpectedValueException' with message 'Invalid route action: [App\Http\Controllers\LanguageController]' in C:\xampp\htdocs\ioMicrofinance\vendor\laravel\framework\src\Illuminate\Routing\Route.php:646
Stack trace:
#0 C:\xampp\htdocs\ioMicrofinance\vendor\laravel\framework\src\Illuminate\Routing\Route.php(618): Illuminate\Routing\Route->makeInvokableAction('App\\Http\\Contro...')
#1 C:\xampp\htdocs\ioMicrofinance\vendor\laravel\framework\src\Illuminate\Routing\Route.php(121): Illuminate\Routing\Route->parseAction(Array)
#2 C:\xampp\htdocs\ioMicrofinance\vendor\laravel\framework\src\Illuminate\Routing\Router.php(487): Illuminate\Routing\Route->__construct(Array, 'language/{lang}', Array)
#3 C:\xampp\htdocs\ioMicrofinance\vendor\laravel\framework\src\Illuminate\Routing\Router.php(463): Illuminate\Routing\Router->newRoute(Array, 'language/{lang}', Array)
#4 C:\xampp\htdocs\ioMicrofinance\vendor\laravel\framework\src\Illuminate\Routing\Router.php(441): Illuminate\Routing\Router->createRoute(Array, 'language/{lang}', 'LanguageControl...')
#5 C:\xampp\htdocs\ioMicrofinance\vendor\laravel\framework\src\Illuminate\Routing\Router.php(138): Illuminate\Routing\Router->addRoute(Array, 'language/{lang}', 'LanguageControl...')
#6 C:\xampp\htdocs\ioMicrofinance\vendor\laravel\framework\src\Illuminate\Support\Facades\Facade.php(237): Illuminate\Routing\Router->get('language/{lang}', 'LanguageControl...')
#7 C:\xampp\htdocs\ioMicrofinance\routes\web.php(62): Illuminate\Support\Facades\Facade::__callStatic('get', Array)
#8 C:\xampp\htdocs\ioMicrofinance\routes\web.php(62): Illuminate\Support\Facades\Route::get('language/{lang}', 'LanguageControl...')
#9 C:\xampp\htdocs\ioMicrofinance\app\Providers\RouteServiceProvider.php(54): require('C:\\xampp\\htdocs...')
#10 [internal function]: App\Providers\RouteServiceProvider->App\Providers\{closure}(Object(Illuminate\Routing\Router))
#11 C:\xampp\htdocs\ioMicrofinance\vendor\laravel\framework\src\Illuminate\Routing\Router.php(319): call_user_func(Object(Closure), Object(Illuminate\Routing\Router))
#12 C:\xampp\htdocs\ioMicrofinance\vendor\laravel\framework\src\Illuminate\Support\Facades\Facade.php(237): Illuminate\Routing\Router->group(Array, Object(Closure))
#13 C:\xampp\htdocs\ioMicrofinance\app\Providers\RouteServiceProvider.php(55): Illuminate\Support\Facades\Facade::__callStatic('group', Array)
#14 C:\xampp\htdocs\ioMicrofinance\app\Providers\RouteServiceProvider.php(55): Illuminate\Support\Facades\Route::group(Array, Object(Closure))
#15 C:\xampp\htdocs\ioMicrofinance\app\Providers\RouteServiceProvider.php(36): App\Providers\RouteServiceProvider->mapWebRoutes()
#16 [internal function]: App\Providers\RouteServiceProvider->map()
#17 C:\xampp\htdocs\ioMicrofinance\vendor\laravel\framework\src\Illuminate\Container\Container.php(507): call_user_func_array(Array, Array)
#18 C:\xampp\htdocs\ioMicrofinance\vendor\laravel\framework\src\Illuminate\Foundation\Support\Providers\RouteServiceProvider.php(70): Illuminate\Container\Container->call(Array)
#19 C:\xampp\htdocs\ioMicrofinance\vendor\laravel\framework\src\Illuminate\Foundation\Support\Providers\RouteServiceProvider.php(31): Illuminate\Foundation\Support\Providers\RouteServiceProvider->loadRoutes()
#20 C:\xampp\htdocs\ioMicrofinance\app\Providers\RouteServiceProvider.php(26): Illuminate\Foundation\Support\Providers\RouteServiceProvider->boot()
#21 [internal function]: App\Providers\RouteServiceProvider->boot()
#22 C:\xampp\htdocs\ioMicrofinance\vendor\laravel\framework\src\Illuminate\Container\Container.php(507): call_user_func_array(Array, Array)
#23 C:\xampp\htdocs\ioMicrofinance\vendor\laravel\framework\src\Illuminate\Foundation\Application.php(769): Illuminate\Container\Container->call(Array)
#24 C:\xampp\htdocs\ioMicrofinance\vendor\laravel\framework\src\Illuminate\Foundation\Application.php(752): Illuminate\Foundation\Application->bootProvider(Object(App\Providers\RouteServiceProvider))
#25 [internal function]: Illuminate\Foundation\Application->Illuminate\Foundation\{closure}(Object(App\Providers\RouteServiceProvider), 16)
#26 C:\xampp\htdocs\ioMicrofinance\vendor\laravel\framework\src\Illuminate\Foundation\Application.php(753): array_walk(Array, Object(Closure))
#27 C:\xampp\htdocs\ioMicrofinance\vendor\laravel\framework\src\Illuminate\Foundation\Bootstrap\BootProviders.php(17): Illuminate\Foundation\Application->boot()
#28 C:\xampp\htdocs\ioMicrofinance\vendor\laravel\framework\src\Illuminate\Foundation\Application.php(203): Illuminate\Foundation\Bootstrap\BootProviders->bootstrap(Object(Illuminate\Foundation\Application))
#29 C:\xampp\htdocs\ioMicrofinance\vendor\laravel\framework\src\Illuminate\Foundation\Http\Kernel.php(253): Illuminate\Foundation\Application->bootstrapWith(Array)
#30 C:\xampp\htdocs\ioMicrofinance\vendor\laravel\framework\src\Illuminate\Foundation\Http\Kernel.php(144): Illuminate\Foundation\Http\Kernel->bootstrap()
#31 C:\xampp\htdocs\ioMicrofinance\vendor\laravel\framework\src\Illuminate\Foundation\Http\Kernel.php(116): Illuminate\Foundation\Http\Kernel->sendRequestThroughRouter(Object(Illuminate\Http\Request))
#32 C:\xampp\htdocs\ioMicrofinance\public\index.php(54): Illuminate\Foundation\Http\Kernel->handle(Object(Illuminate\Http\Request))
#33 {main}  
[2016-10-19 10:57:01] local.ERROR: exception 'Symfony\Component\Debug\Exception\FatalErrorException' with message 'syntax error, unexpected 'loan' (T_STRING)' in C:\xampp\htdocs\ioMicrofinance\storage\framework\views\a5b6ec7a4101c664bd68e42655d880d93739d8f1.php:33
Stack trace:
#0 {main}  
[2016-10-19 10:57:10] local.ERROR: exception 'Symfony\Component\Debug\Exception\FatalErrorException' with message 'syntax error, unexpected 'loan' (T_STRING)' in C:\xampp\htdocs\ioMicrofinance\storage\framework\views\a5b6ec7a4101c664bd68e42655d880d93739d8f1.php:33
Stack trace:
#0 {main}  
[2016-10-19 10:57:42] local.ERROR: exception 'Symfony\Component\Debug\Exception\FatalErrorException' with message 'syntax error, unexpected '!', expecting ',' or ';'' in C:\xampp\htdocs\ioMicrofinance\storage\framework\views\a5b6ec7a4101c664bd68e42655d880d93739d8f1.php:33
Stack trace:
#0 {main}  
[2016-10-19 10:59:31] local.ERROR: exception 'Symfony\Component\Debug\Exception\FatalErrorException' with message 'syntax error, unexpected 'loan' (T_STRING)' in C:\xampp\htdocs\ioMicrofinance\storage\framework\views\a5b6ec7a4101c664bd68e42655d880d93739d8f1.php:33
Stack trace:
#0 {main}  
[2016-10-19 11:00:04] local.ERROR: exception 'Symfony\Component\Debug\Exception\FatalErrorException' with message 'syntax error, unexpected '!', expecting ',' or ';'' in C:\xampp\htdocs\ioMicrofinance\storage\framework\views\a5b6ec7a4101c664bd68e42655d880d93739d8f1.php:33
Stack trace:
#0 {main}  
[2016-10-19 11:02:31] local.ERROR: exception 'Symfony\Component\Debug\Exception\FatalErrorException' with message 'syntax error, unexpected 'loan' (T_STRING)' in C:\xampp\htdocs\ioMicrofinance\storage\framework\views\a5b6ec7a4101c664bd68e42655d880d93739d8f1.php:33
Stack trace:
#0 {main}  
[2016-10-19 11:03:00] local.ERROR: exception 'Symfony\Component\Debug\Exception\FatalErrorException' with message 'syntax error, unexpected 'Confirm' (T_STRING)' in C:\xampp\htdocs\ioMicrofinance\storage\framework\views\a5b6ec7a4101c664bd68e42655d880d93739d8f1.php:33
Stack trace:
#0 {main}  
[2016-10-19 11:04:35] local.ERROR: exception 'Symfony\Component\Debug\Exception\FatalErrorException' with message 'syntax error, unexpected '!', expecting ',' or ';'' in C:\xampp\htdocs\ioMicrofinance\storage\framework\views\a5b6ec7a4101c664bd68e42655d880d93739d8f1.php:33
Stack trace:
#0 {main}  
[2016-10-19 11:05:24] local.ERROR: exception 'Symfony\Component\Debug\Exception\FatalErrorException' with message 'syntax error, unexpected 'loan' (T_STRING)' in C:\xampp\htdocs\ioMicrofinance\storage\framework\views\a5b6ec7a4101c664bd68e42655d880d93739d8f1.php:33
Stack trace:
#0 {main}  
[2016-10-19 11:05:27] local.ERROR: exception 'Symfony\Component\Debug\Exception\FatalErrorException' with message 'syntax error, unexpected 'loan' (T_STRING)' in C:\xampp\htdocs\ioMicrofinance\storage\framework\views\a5b6ec7a4101c664bd68e42655d880d93739d8f1.php:33
Stack trace:
#0 {main}  
[2016-10-19 11:06:56] local.ERROR: exception 'Symfony\Component\Debug\Exception\FatalErrorException' with message 'syntax error, unexpected '"loan.confirm"' (T_CONSTANT_ENCAPSED_STRING)' in C:\xampp\htdocs\ioMicrofinance\storage\framework\views\a5b6ec7a4101c664bd68e42655d880d93739d8f1.php:33
Stack trace:
#0 {main}  
[2016-10-19 11:07:53] local.ERROR: exception 'Symfony\Component\Debug\Exception\FatalErrorException' with message 'syntax error, unexpected '{'' in C:\xampp\htdocs\ioMicrofinance\storage\framework\views\a5b6ec7a4101c664bd68e42655d880d93739d8f1.php:33
Stack trace:
#0 {main}  
[2016-10-19 11:13:31] local.ERROR: exception 'Symfony\Component\Debug\Exception\FatalErrorException' with message 'syntax error, unexpected 'loan' (T_STRING)' in C:\xampp\htdocs\ioMicrofinance\storage\framework\views\a5b6ec7a4101c664bd68e42655d880d93739d8f1.php:33
Stack trace:
#0 {main}  
[2016-10-19 11:13:59] local.ERROR: exception 'Symfony\Component\Debug\Exception\FatalErrorException' with message 'syntax error, unexpected 'loan' (T_STRING)' in C:\xampp\htdocs\ioMicrofinance\storage\framework\views\a5b6ec7a4101c664bd68e42655d880d93739d8f1.php:33
Stack trace:
#0 {main}  
[2016-10-19 11:14:01] local.ERROR: exception 'Symfony\Component\Debug\Exception\FatalErrorException' with message 'syntax error, unexpected 'loan' (T_STRING)' in C:\xampp\htdocs\ioMicrofinance\storage\framework\views\a5b6ec7a4101c664bd68e42655d880d93739d8f1.php:33
Stack trace:
#0 {main}  
[2016-10-19 11:14:02] local.ERROR: exception 'Symfony\Component\Debug\Exception\FatalErrorException' with message 'syntax error, unexpected 'loan' (T_STRING)' in C:\xampp\htdocs\ioMicrofinance\storage\framework\views\a5b6ec7a4101c664bd68e42655d880d93739d8f1.php:33
Stack trace:
#0 {main}  
[2016-10-19 11:14:03] local.ERROR: exception 'Symfony\Component\Debug\Exception\FatalErrorException' with message 'syntax error, unexpected 'loan' (T_STRING)' in C:\xampp\htdocs\ioMicrofinance\storage\framework\views\a5b6ec7a4101c664bd68e42655d880d93739d8f1.php:33
Stack trace:
#0 {main}  
[2016-10-19 11:14:03] local.ERROR: exception 'Symfony\Component\Debug\Exception\FatalErrorException' with message 'syntax error, unexpected 'loan' (T_STRING)' in C:\xampp\htdocs\ioMicrofinance\storage\framework\views\a5b6ec7a4101c664bd68e42655d880d93739d8f1.php:33
Stack trace:
#0 {main}  
[2016-10-19 11:14:04] local.ERROR: exception 'Symfony\Component\Debug\Exception\FatalErrorException' with message 'syntax error, unexpected 'loan' (T_STRING)' in C:\xampp\htdocs\ioMicrofinance\storage\framework\views\a5b6ec7a4101c664bd68e42655d880d93739d8f1.php:33
Stack trace:
#0 {main}  
[2016-10-19 11:14:04] local.ERROR: exception 'Symfony\Component\Debug\Exception\FatalErrorException' with message 'syntax error, unexpected 'loan' (T_STRING)' in C:\xampp\htdocs\ioMicrofinance\storage\framework\views\a5b6ec7a4101c664bd68e42655d880d93739d8f1.php:33
Stack trace:
#0 {main}  
[2016-10-19 11:14:06] local.ERROR: exception 'Symfony\Component\Debug\Exception\FatalErrorException' with message 'syntax error, unexpected 'loan' (T_STRING)' in C:\xampp\htdocs\ioMicrofinance\storage\framework\views\a5b6ec7a4101c664bd68e42655d880d93739d8f1.php:33
Stack trace:
#0 {main}  
[2016-10-19 11:14:48] local.ERROR: exception 'Symfony\Component\Debug\Exception\FatalErrorException' with message 'syntax error, unexpected '<'' in C:\xampp\htdocs\ioMicrofinance\storage\framework\views\a5b6ec7a4101c664bd68e42655d880d93739d8f1.php:33
Stack trace:
#0 {main}  
[2016-10-19 11:15:46] local.ERROR: exception 'Symfony\Component\Debug\Exception\FatalErrorException' with message 'syntax error, unexpected '!', expecting ',' or ';'' in C:\xampp\htdocs\ioMicrofinance\storage\framework\views\a5b6ec7a4101c664bd68e42655d880d93739d8f1.php:33
Stack trace:
#0 {main}  
[2016-10-19 11:16:22] local.ERROR: exception 'Symfony\Component\Debug\Exception\FatalErrorException' with message 'syntax error, unexpected '!', expecting ',' or ';'' in C:\xampp\htdocs\ioMicrofinance\storage\framework\views\a5b6ec7a4101c664bd68e42655d880d93739d8f1.php:33
Stack trace:
#0 {main}  
[2016-10-19 11:16:25] local.ERROR: exception 'Symfony\Component\Debug\Exception\FatalErrorException' with message 'syntax error, unexpected '!', expecting ',' or ';'' in C:\xampp\htdocs\ioMicrofinance\storage\framework\views\a5b6ec7a4101c664bd68e42655d880d93739d8f1.php:33
Stack trace:
#0 {main}  
[2016-10-19 11:16:26] local.ERROR: exception 'Symfony\Component\Debug\Exception\FatalErrorException' with message 'syntax error, unexpected '!', expecting ',' or ';'' in C:\xampp\htdocs\ioMicrofinance\storage\framework\views\a5b6ec7a4101c664bd68e42655d880d93739d8f1.php:33
Stack trace:
#0 {main}  
[2016-10-19 11:17:48] local.ERROR: exception 'Symfony\Component\Debug\Exception\FatalErrorException' with message 'syntax error, unexpected '{'' in C:\xampp\htdocs\ioMicrofinance\storage\framework\views\a5b6ec7a4101c664bd68e42655d880d93739d8f1.php:33
Stack trace:
#0 {main}  
[2016-10-19 11:18:20] local.ERROR: exception 'Symfony\Component\Debug\Exception\FatalErrorException' with message 'syntax error, unexpected 'loan' (T_STRING)' in C:\xampp\htdocs\ioMicrofinance\storage\framework\views\a5b6ec7a4101c664bd68e42655d880d93739d8f1.php:33
Stack trace:
#0 {main}  
[2016-10-19 11:18:35] local.ERROR: exception 'Symfony\Component\Debug\Exception\FatalErrorException' with message 'syntax error, unexpected 'loanconfirm' (T_STRING)' in C:\xampp\htdocs\ioMicrofinance\storage\framework\views\a5b6ec7a4101c664bd68e42655d880d93739d8f1.php:33
Stack trace:
#0 {main}  
[2016-10-19 11:18:47] local.ERROR: exception 'Symfony\Component\Debug\Exception\FatalErrorException' with message 'syntax error, unexpected 'loanconfirm' (T_STRING)' in C:\xampp\htdocs\ioMicrofinance\storage\framework\views\a5b6ec7a4101c664bd68e42655d880d93739d8f1.php:33
Stack trace:
#0 {main}  
[2016-10-19 11:18:48] local.ERROR: exception 'Symfony\Component\Debug\Exception\FatalErrorException' with message 'syntax error, unexpected 'loanconfirm' (T_STRING)' in C:\xampp\htdocs\ioMicrofinance\storage\framework\views\a5b6ec7a4101c664bd68e42655d880d93739d8f1.php:33
Stack trace:
#0 {main}  
[2016-10-19 11:18:57] local.ERROR: exception 'Symfony\Component\Debug\Exception\FatalErrorException' with message 'syntax error, unexpected '!', expecting ',' or ';'' in C:\xampp\htdocs\ioMicrofinance\storage\framework\views\a5b6ec7a4101c664bd68e42655d880d93739d8f1.php:33
Stack trace:
#0 {main}  
[2016-10-19 11:19:50] local.ERROR: exception 'Symfony\Component\Debug\Exception\FatalErrorException' with message 'syntax error, unexpected '".loanconfirm."' (T_CONSTANT_ENCAPSED_STRING)' in C:\xampp\htdocs\ioMicrofinance\storage\framework\views\a5b6ec7a4101c664bd68e42655d880d93739d8f1.php:33
Stack trace:
#0 {main}  
[2016-10-19 11:48:13] local.ERROR: exception 'Symfony\Component\Debug\Exception\FatalErrorException' with message 'syntax error, unexpected '".loanconfirm."' (T_CONSTANT_ENCAPSED_STRING)' in C:\xampp\htdocs\ioMicrofinance\storage\framework\views\a5b6ec7a4101c664bd68e42655d880d93739d8f1.php:33
Stack trace:
#0 {main}  
[2016-10-19 11:55:19] local.ERROR: exception 'Symfony\Component\Debug\Exception\FatalErrorException' with message 'syntax error, unexpected 'loan' (T_STRING)' in C:\xampp\htdocs\ioMicrofinance\storage\framework\views\a5b6ec7a4101c664bd68e42655d880d93739d8f1.php:33
Stack trace:
#0 {main}  
[2016-10-19 11:56:48] local.ERROR: exception 'Symfony\Component\Debug\Exception\FatalErrorException' with message 'syntax error, unexpected 'loan' (T_STRING)' in C:\xampp\htdocs\ioMicrofinance\storage\framework\views\a5b6ec7a4101c664bd68e42655d880d93739d8f1.php:33
Stack trace:
#0 {main}  
[2016-10-19 11:56:53] local.ERROR: exception 'Symfony\Component\Debug\Exception\FatalErrorException' with message 'syntax error, unexpected 'loan' (T_STRING)' in C:\xampp\htdocs\ioMicrofinance\storage\framework\views\a5b6ec7a4101c664bd68e42655d880d93739d8f1.php:33
Stack trace:
#0 {main}  
[2016-10-19 12:00:57] local.ERROR: exception 'Symfony\Component\Debug\Exception\FatalErrorException' with message 'syntax error, unexpected 'url' (T_STRING)' in C:\xampp\htdocs\ioMicrofinance\storage\framework\views\a5b6ec7a4101c664bd68e42655d880d93739d8f1.php:33
Stack trace:
#0 {main}  
[2016-10-19 12:01:29] local.ERROR: exception 'Symfony\Component\Debug\Exception\FatalErrorException' with message 'syntax error, unexpected 'loans' (T_STRING)' in C:\xampp\htdocs\ioMicrofinance\storage\framework\views\a5b6ec7a4101c664bd68e42655d880d93739d8f1.php:33
Stack trace:
#0 {main}  
[2016-10-19 12:09:04] local.ERROR: exception 'UnexpectedValueException' with message 'The Response content must be a string or object implementing __toString(), "object" given.' in C:\xampp\htdocs\ioMicrofinance\vendor\symfony\http-foundation\Response.php:403
Stack trace:
#0 C:\xampp\htdocs\ioMicrofinance\vendor\laravel\framework\src\Illuminate\Http\Response.php(48): Symfony\Component\HttpFoundation\Response->setContent(Object(stdClass))
#1 C:\xampp\htdocs\ioMicrofinance\vendor\symfony\http-foundation\Response.php(201): Illuminate\Http\Response->setContent(Object(stdClass))
#2 C:\xampp\htdocs\ioMicrofinance\vendor\laravel\framework\src\Illuminate\Routing\Router.php(1042): Symfony\Component\HttpFoundation\Response->__construct(Object(stdClass))
#3 C:\xampp\htdocs\ioMicrofinance\vendor\laravel\framework\src\Illuminate\Routing\Router.php(643): Illuminate\Routing\Router->prepareResponse(Object(Illuminate\Http\Request), Object(stdClass))
#4 C:\xampp\htdocs\ioMicrofinance\vendor\laravel\framework\src\Illuminate\Routing\Pipeline.php(53): Illuminate\Routing\Router->Illuminate\Routing\{closure}(Object(Illuminate\Http\Request))
#5 C:\xampp\htdocs\ioMicrofinance\app\Http\Middleware\App.php(22): Illuminate\Routing\Pipeline->Illuminate\Routing\{closure}(Object(Illuminate\Http\Request))
#6 C:\xampp\htdocs\ioMicrofinance\vendor\laravel\framework\src\Illuminate\Pipeline\Pipeline.php(137): App\Http\Middleware\App->handle(Object(Illuminate\Http\Request), Object(Closure))
#7 C:\xampp\htdocs\ioMicrofinance\vendor\laravel\framework\src\Illuminate\Routing\Pipeline.php(33): Illuminate\Pipeline\Pipeline->Illuminate\Pipeline\{closure}(Object(Illuminate\Http\Request))
#8 C:\xampp\htdocs\ioMicrofinance\vendor\laravel\framework\src\Illuminate\Routing\Middleware\SubstituteBindings.php(41): Illuminate\Routing\Pipeline->Illuminate\Routing\{closure}(Object(Illuminate\Http\Request))
#9 C:\xampp\htdocs\ioMicrofinance\vendor\laravel\framework\src\Illuminate\Pipeline\Pipeline.php(137): Illuminate\Routing\Middleware\SubstituteBindings->handle(Object(Illuminate\Http\Request), Object(Closure))
#10 C:\xampp\htdocs\ioMicrofinance\vendor\laravel\framework\src\Illuminate\Routing\Pipeline.php(33): Illuminate\Pipeline\Pipeline->Illuminate\Pipeline\{closure}(Object(Illuminate\Http\Request))
#11 C:\xampp\htdocs\ioMicrofinance\vendor\laravel\framework\src\Illuminate\Auth\Middleware\Authenticate.php(43): Illuminate\Routing\Pipeline->Illuminate\Routing\{closure}(Object(Illuminate\Http\Request))
#12 C:\xampp\htdocs\ioMicrofinance\vendor\laravel\framework\src\Illuminate\Pipeline\Pipeline.php(137): Illuminate\Auth\Middleware\Authenticate->handle(Object(Illuminate\Http\Request), Object(Closure))
#13 C:\xampp\htdocs\ioMicrofinance\vendor\laravel\framework\src\Illuminate\Routing\Pipeline.php(33): Illuminate\Pipeline\Pipeline->Illuminate\Pipeline\{closure}(Object(Illuminate\Http\Request))
#14 C:\xampp\htdocs\ioMicrofinance\vendor\laravel\framework\src\Illuminate\Foundation\Http\Middleware\VerifyCsrfToken.php(64): Illuminate\Routing\Pipeline->Illuminate\Routing\{closure}(Object(Illuminate\Http\Request))
#15 C:\xampp\htdocs\ioMicrofinance\vendor\laravel\framework\src\Illuminate\Pipeline\Pipeline.php(137): Illuminate\Foundation\Http\Middleware\VerifyCsrfToken->handle(Object(Illuminate\Http\Request), Object(Closure))
#16 C:\xampp\htdocs\ioMicrofinance\vendor\laravel\framework\src\Illuminate\Routing\Pipeline.php(33): Illuminate\Pipeline\Pipeline->Illuminate\Pipeline\{closure}(Object(Illuminate\Http\Request))
#17 C:\xampp\htdocs\ioMicrofinance\vendor\laravel\framework\src\Illuminate\View\Middleware\ShareErrorsFromSession.php(49): Illuminate\Routing\Pipeline->Illuminate\Routing\{closure}(Object(Illuminate\Http\Request))
#18 C:\xampp\htdocs\ioMicrofinance\vendor\laravel\framework\src\Illuminate\Pipeline\Pipeline.php(137): Illuminate\View\Middleware\ShareErrorsFromSession->handle(Object(Illuminate\Http\Request), Object(Closure))
#19 C:\xampp\htdocs\ioMicrofinance\vendor\laravel\framework\src\Illuminate\Routing\Pipeline.php(33): Illuminate\Pipeline\Pipeline->Illuminate\Pipeline\{closure}(Object(Illuminate\Http\Request))
#20 C:\xampp\htdocs\ioMicrofinance\vendor\laravel\framework\src\Illuminate\Session\Middleware\StartSession.php(64): Illuminate\Routing\Pipeline->Illuminate\Routing\{closure}(Object(Illuminate\Http\Request))
#21 C:\xampp\htdocs\ioMicrofinance\vendor\laravel\framework\src\Illuminate\Pipeline\Pipeline.php(137): Illuminate\Session\Middleware\StartSession->handle(Object(Illuminate\Http\Request), Object(Closure))
#22 C:\xampp\htdocs\ioMicrofinance\vendor\laravel\framework\src\Illuminate\Routing\Pipeline.php(33): Illuminate\Pipeline\Pipeline->Illuminate\Pipeline\{closure}(Object(Illuminate\Http\Request))
#23 C:\xampp\htdocs\ioMicrofinance\vendor\laravel\framework\src\Illuminate\Cookie\Middleware\AddQueuedCookiesToResponse.php(37): Illuminate\Routing\Pipeline->Illuminate\Routing\{closure}(Object(Illuminate\Http\Request))
#24 C:\xampp\htdocs\ioMicrofinance\vendor\laravel\framework\src\Illuminate\Pipeline\Pipeline.php(137): Illuminate\Cookie\Middleware\AddQueuedCookiesToResponse->handle(Object(Illuminate\Http\Request), Object(Closure))
#25 C:\xampp\htdocs\ioMicrofinance\vendor\laravel\framework\src\Illuminate\Routing\Pipeline.php(33): Illuminate\Pipeline\Pipeline->Illuminate\Pipeline\{closure}(Object(Illuminate\Http\Request))
#26 C:\xampp\htdocs\ioMicrofinance\vendor\laravel\framework\src\Illuminate\Cookie\Middleware\EncryptCookies.php(59): Illuminate\Routing\Pipeline->Illuminate\Routing\{closure}(Object(Illuminate\Http\Request))
#27 C:\xampp\htdocs\ioMicrofinance\vendor\laravel\framework\src\Illuminate\Pipeline\Pipeline.php(137): Illuminate\Cookie\Middleware\EncryptCookies->handle(Object(Illuminate\Http\Request), Object(Closure))
#28 C:\xampp\htdocs\ioMicrofinance\vendor\laravel\framework\src\Illuminate\Routing\Pipeline.php(33): Illuminate\Pipeline\Pipeline->Illuminate\Pipeline\{closure}(Object(Illuminate\Http\Request))
#29 C:\xampp\htdocs\ioMicrofinance\vendor\laravel\framework\src\Illuminate\Pipeline\Pipeline.php(104): Illuminate\Routing\Pipeline->Illuminate\Routing\{closure}(Object(Illuminate\Http\Request))
#30 C:\xampp\htdocs\ioMicrofinance\vendor\laravel\framework\src\Illuminate\Routing\Router.php(644): Illuminate\Pipeline\Pipeline->then(Object(Closure))
#31 C:\xampp\htdocs\ioMicrofinance\vendor\laravel\framework\src\Illuminate\Routing\Router.php(618): Illuminate\Routing\Router->runRouteWithinStack(Object(Illuminate\Routing\Route), Object(Illuminate\Http\Request))
#32 C:\xampp\htdocs\ioMicrofinance\vendor\laravel\framework\src\Illuminate\Routing\Router.php(596): Illuminate\Routing\Router->dispatchToRoute(Object(Illuminate\Http\Request))
#33 C:\xampp\htdocs\ioMicrofinance\vendor\laravel\framework\src\Illuminate\Foundation\Http\Kernel.php(267): Illuminate\Routing\Router->dispatch(Object(Illuminate\Http\Request))
#34 C:\xampp\htdocs\ioMicrofinance\vendor\laravel\framework\src\Illuminate\Routing\Pipeline.php(53): Illuminate\Foundation\Http\Kernel->Illuminate\Foundation\Http\{closure}(Object(Illuminate\Http\Request))
#35 C:\xampp\htdocs\ioMicrofinance\vendor\laravel\framework\src\Illuminate\Foundation\Http\Middleware\CheckForMaintenanceMode.php(46): Illuminate\Routing\Pipeline->Illuminate\Routing\{closure}(Object(Illuminate\Http\Request))
#36 C:\xampp\htdocs\ioMicrofinance\vendor\laravel\framework\src\Illuminate\Pipeline\Pipeline.php(137): Illuminate\Foundation\Http\Middleware\CheckForMaintenanceMode->handle(Object(Illuminate\Http\Request), Object(Closure))
#37 C:\xampp\htdocs\ioMicrofinance\vendor\laravel\framework\src\Illuminate\Routing\Pipeline.php(33): Illuminate\Pipeline\Pipeline->Illuminate\Pipeline\{closure}(Object(Illuminate\Http\Request))
#38 C:\xampp\htdocs\ioMicrofinance\vendor\laravel\framework\src\Illuminate\Pipeline\Pipeline.php(104): Illuminate\Routing\Pipeline->Illuminate\Routing\{closure}(Object(Illuminate\Http\Request))
#39 C:\xampp\htdocs\ioMicrofinance\vendor\laravel\framework\src\Illuminate\Foundation\Http\Kernel.php(149): Illuminate\Pipeline\Pipeline->then(Object(Closure))
#40 C:\xampp\htdocs\ioMicrofinance\vendor\laravel\framework\src\Illuminate\Foundation\Http\Kernel.php(116): Illuminate\Foundation\Http\Kernel->sendRequestThroughRouter(Object(Illuminate\Http\Request))
#41 C:\xampp\htdocs\ioMicrofinance\public\index.php(54): Illuminate\Foundation\Http\Kernel->handle(Object(Illuminate\Http\Request))
#42 {main}  
[2016-10-19 12:11:14] local.ERROR: exception 'ErrorException' with message 'Undefined property: Illuminate\Database\Query\Builder::$customer_id' in C:\xampp\htdocs\ioMicrofinance\app\Http\Controllers\LoansController.php:186
Stack trace:
#0 C:\xampp\htdocs\ioMicrofinance\app\Http\Controllers\LoansController.php(186): Illuminate\Foundation\Bootstrap\HandleExceptions->handleError(8, 'Undefined prope...', 'C:\\xampp\\htdocs...', 186, Array)
#1 [internal function]: App\Http\Controllers\LoansController->confirm('15')
#2 C:\xampp\htdocs\ioMicrofinance\vendor\laravel\framework\src\Illuminate\Routing\Controller.php(55): call_user_func_array(Array, Array)
#3 C:\xampp\htdocs\ioMicrofinance\vendor\laravel\framework\src\Illuminate\Routing\ControllerDispatcher.php(44): Illuminate\Routing\Controller->callAction('confirm', Array)
#4 C:\xampp\htdocs\ioMicrofinance\vendor\laravel\framework\src\Illuminate\Routing\Route.php(190): Illuminate\Routing\ControllerDispatcher->dispatch(Object(Illuminate\Routing\Route), Object(App\Http\Controllers\LoansController), 'confirm')
#5 C:\xampp\htdocs\ioMicrofinance\vendor\laravel\framework\src\Illuminate\Routing\Route.php(144): Illuminate\Routing\Route->runController()
#6 C:\xampp\htdocs\ioMicrofinance\vendor\laravel\framework\src\Illuminate\Routing\Router.php(642): Illuminate\Routing\Route->run(Object(Illuminate\Http\Request))
#7 C:\xampp\htdocs\ioMicrofinance\vendor\laravel\framework\src\Illuminate\Routing\Pipeline.php(53): Illuminate\Routing\Router->Illuminate\Routing\{closure}(Object(Illuminate\Http\Request))
#8 C:\xampp\htdocs\ioMicrofinance\app\Http\Middleware\App.php(22): Illuminate\Routing\Pipeline->Illuminate\Routing\{closure}(Object(Illuminate\Http\Request))
#9 C:\xampp\htdocs\ioMicrofinance\vendor\laravel\framework\src\Illuminate\Pipeline\Pipeline.php(137): App\Http\Middleware\App->handle(Object(Illuminate\Http\Request), Object(Closure))
#10 C:\xampp\htdocs\ioMicrofinance\vendor\laravel\framework\src\Illuminate\Routing\Pipeline.php(33): Illuminate\Pipeline\Pipeline->Illuminate\Pipeline\{closure}(Object(Illuminate\Http\Request))
#11 C:\xampp\htdocs\ioMicrofinance\vendor\laravel\framework\src\Illuminate\Routing\Middleware\SubstituteBindings.php(41): Illuminate\Routing\Pipeline->Illuminate\Routing\{closure}(Object(Illuminate\Http\Request))
#12 C:\xampp\htdocs\ioMicrofinance\vendor\laravel\framework\src\Illuminate\Pipeline\Pipeline.php(137): Illuminate\Routing\Middleware\SubstituteBindings->handle(Object(Illuminate\Http\Request), Object(Closure))
#13 C:\xampp\htdocs\ioMicrofinance\vendor\laravel\framework\src\Illuminate\Routing\Pipeline.php(33): Illuminate\Pipeline\Pipeline->Illuminate\Pipeline\{closure}(Object(Illuminate\Http\Request))
#14 C:\xampp\htdocs\ioMicrofinance\vendor\laravel\framework\src\Illuminate\Auth\Middleware\Authenticate.php(43): Illuminate\Routing\Pipeline->Illuminate\Routing\{closure}(Object(Illuminate\Http\Request))
#15 C:\xampp\htdocs\ioMicrofinance\vendor\laravel\framework\src\Illuminate\Pipeline\Pipeline.php(137): Illuminate\Auth\Middleware\Authenticate->handle(Object(Illuminate\Http\Request), Object(Closure))
#16 C:\xampp\htdocs\ioMicrofinance\vendor\laravel\framework\src\Illuminate\Routing\Pipeline.php(33): Illuminate\Pipeline\Pipeline->Illuminate\Pipeline\{closure}(Object(Illuminate\Http\Request))
#17 C:\xampp\htdocs\ioMicrofinance\vendor\laravel\framework\src\Illuminate\Foundation\Http\Middleware\VerifyCsrfToken.php(64): Illuminate\Routing\Pipeline->Illuminate\Routing\{closure}(Object(Illuminate\Http\Request))
#18 C:\xampp\htdocs\ioMicrofinance\vendor\laravel\framework\src\Illuminate\Pipeline\Pipeline.php(137): Illuminate\Foundation\Http\Middleware\VerifyCsrfToken->handle(Object(Illuminate\Http\Request), Object(Closure))
#19 C:\xampp\htdocs\ioMicrofinance\vendor\laravel\framework\src\Illuminate\Routing\Pipeline.php(33): Illuminate\Pipeline\Pipeline->Illuminate\Pipeline\{closure}(Object(Illuminate\Http\Request))
#20 C:\xampp\htdocs\ioMicrofinance\vendor\laravel\framework\src\Illuminate\View\Middleware\ShareErrorsFromSession.php(49): Illuminate\Routing\Pipeline->Illuminate\Routing\{closure}(Object(Illuminate\Http\Request))
#21 C:\xampp\htdocs\ioMicrofinance\vendor\laravel\framework\src\Illuminate\Pipeline\Pipeline.php(137): Illuminate\View\Middleware\ShareErrorsFromSession->handle(Object(Illuminate\Http\Request), Object(Closure))
#22 C:\xampp\htdocs\ioMicrofinance\vendor\laravel\framework\src\Illuminate\Routing\Pipeline.php(33): Illuminate\Pipeline\Pipeline->Illuminate\Pipeline\{closure}(Object(Illuminate\Http\Request))
#23 C:\xampp\htdocs\ioMicrofinance\vendor\laravel\framework\src\Illuminate\Session\Middleware\StartSession.php(64): Illuminate\Routing\Pipeline->Illuminate\Routing\{closure}(Object(Illuminate\Http\Request))
#24 C:\xampp\htdocs\ioMicrofinance\vendor\laravel\framework\src\Illuminate\Pipeline\Pipeline.php(137): Illuminate\Session\Middleware\StartSession->handle(Object(Illuminate\Http\Request), Object(Closure))
#25 C:\xampp\htdocs\ioMicrofinance\vendor\laravel\framework\src\Illuminate\Routing\Pipeline.php(33): Illuminate\Pipeline\Pipeline->Illuminate\Pipeline\{closure}(Object(Illuminate\Http\Request))
#26 C:\xampp\htdocs\ioMicrofinance\vendor\laravel\framework\src\Illuminate\Cookie\Middleware\AddQueuedCookiesToResponse.php(37): Illuminate\Routing\Pipeline->Illuminate\Routing\{closure}(Object(Illuminate\Http\Request))
#27 C:\xampp\htdocs\ioMicrofinance\vendor\laravel\framework\src\Illuminate\Pipeline\Pipeline.php(137): Illuminate\Cookie\Middleware\AddQueuedCookiesToResponse->handle(Object(Illuminate\Http\Request), Object(Closure))
#28 C:\xampp\htdocs\ioMicrofinance\vendor\laravel\framework\src\Illuminate\Routing\Pipeline.php(33): Illuminate\Pipeline\Pipeline->Illuminate\Pipeline\{closure}(Object(Illuminate\Http\Request))
#29 C:\xampp\htdocs\ioMicrofinance\vendor\laravel\framework\src\Illuminate\Cookie\Middleware\EncryptCookies.php(59): Illuminate\Routing\Pipeline->Illuminate\Routing\{closure}(Object(Illuminate\Http\Request))
#30 C:\xampp\htdocs\ioMicrofinance\vendor\laravel\framework\src\Illuminate\Pipeline\Pipeline.php(137): Illuminate\Cookie\Middleware\EncryptCookies->handle(Object(Illuminate\Http\Request), Object(Closure))
#31 C:\xampp\htdocs\ioMicrofinance\vendor\laravel\framework\src\Illuminate\Routing\Pipeline.php(33): Illuminate\Pipeline\Pipeline->Illuminate\Pipeline\{closure}(Object(Illuminate\Http\Request))
#32 C:\xampp\htdocs\ioMicrofinance\vendor\laravel\framework\src\Illuminate\Pipeline\Pipeline.php(104): Illuminate\Routing\Pipeline->Illuminate\Routing\{closure}(Object(Illuminate\Http\Request))
#33 C:\xampp\htdocs\ioMicrofinance\vendor\laravel\framework\src\Illuminate\Routing\Router.php(644): Illuminate\Pipeline\Pipeline->then(Object(Closure))
#34 C:\xampp\htdocs\ioMicrofinance\vendor\laravel\framework\src\Illuminate\Routing\Router.php(618): Illuminate\Routing\Router->runRouteWithinStack(Object(Illuminate\Routing\Route), Object(Illuminate\Http\Request))
#35 C:\xampp\htdocs\ioMicrofinance\vendor\laravel\framework\src\Illuminate\Routing\Router.php(596): Illuminate\Routing\Router->dispatchToRoute(Object(Illuminate\Http\Request))
#36 C:\xampp\htdocs\ioMicrofinance\vendor\laravel\framework\src\Illuminate\Foundation\Http\Kernel.php(267): Illuminate\Routing\Router->dispatch(Object(Illuminate\Http\Request))
#37 C:\xampp\htdocs\ioMicrofinance\vendor\laravel\framework\src\Illuminate\Routing\Pipeline.php(53): Illuminate\Foundation\Http\Kernel->Illuminate\Foundation\Http\{closure}(Object(Illuminate\Http\Request))
#38 C:\xampp\htdocs\ioMicrofinance\vendor\laravel\framework\src\Illuminate\Foundation\Http\Middleware\CheckForMaintenanceMode.php(46): Illuminate\Routing\Pipeline->Illuminate\Routing\{closure}(Object(Illuminate\Http\Request))
#39 C:\xampp\htdocs\ioMicrofinance\vendor\laravel\framework\src\Illuminate\Pipeline\Pipeline.php(137): Illuminate\Foundation\Http\Middleware\CheckForMaintenanceMode->handle(Object(Illuminate\Http\Request), Object(Closure))
#40 C:\xampp\htdocs\ioMicrofinance\vendor\laravel\framework\src\Illuminate\Routing\Pipeline.php(33): Illuminate\Pipeline\Pipeline->Illuminate\Pipeline\{closure}(Object(Illuminate\Http\Request))
#41 C:\xampp\htdocs\ioMicrofinance\vendor\laravel\framework\src\Illuminate\Pipeline\Pipeline.php(104): Illuminate\Routing\Pipeline->Illuminate\Routing\{closure}(Object(Illuminate\Http\Request))
#42 C:\xampp\htdocs\ioMicrofinance\vendor\laravel\framework\src\Illuminate\Foundation\Http\Kernel.php(149): Illuminate\Pipeline\Pipeline->then(Object(Closure))
#43 C:\xampp\htdocs\ioMicrofinance\vendor\laravel\framework\src\Illuminate\Foundation\Http\Kernel.php(116): Illuminate\Foundation\Http\Kernel->sendRequestThroughRouter(Object(Illuminate\Http\Request))
#44 C:\xampp\htdocs\ioMicrofinance\public\index.php(54): Illuminate\Foundation\Http\Kernel->handle(Object(Illuminate\Http\Request))
#45 {main}  
[2016-10-19 12:12:26] local.ERROR: exception 'UnexpectedValueException' with message 'The Response content must be a string or object implementing __toString(), "object" given.' in C:\xampp\htdocs\ioMicrofinance\vendor\symfony\http-foundation\Response.php:403
Stack trace:
#0 C:\xampp\htdocs\ioMicrofinance\vendor\laravel\framework\src\Illuminate\Http\Response.php(48): Symfony\Component\HttpFoundation\Response->setContent(Object(stdClass))
#1 C:\xampp\htdocs\ioMicrofinance\vendor\symfony\http-foundation\Response.php(201): Illuminate\Http\Response->setContent(Object(stdClass))
#2 C:\xampp\htdocs\ioMicrofinance\vendor\laravel\framework\src\Illuminate\Routing\Router.php(1042): Symfony\Component\HttpFoundation\Response->__construct(Object(stdClass))
#3 C:\xampp\htdocs\ioMicrofinance\vendor\laravel\framework\src\Illuminate\Routing\Router.php(643): Illuminate\Routing\Router->prepareResponse(Object(Illuminate\Http\Request), Object(stdClass))
#4 C:\xampp\htdocs\ioMicrofinance\vendor\laravel\framework\src\Illuminate\Routing\Pipeline.php(53): Illuminate\Routing\Router->Illuminate\Routing\{closure}(Object(Illuminate\Http\Request))
#5 C:\xampp\htdocs\ioMicrofinance\app\Http\Middleware\App.php(22): Illuminate\Routing\Pipeline->Illuminate\Routing\{closure}(Object(Illuminate\Http\Request))
#6 C:\xampp\htdocs\ioMicrofinance\vendor\laravel\framework\src\Illuminate\Pipeline\Pipeline.php(137): App\Http\Middleware\App->handle(Object(Illuminate\Http\Request), Object(Closure))
#7 C:\xampp\htdocs\ioMicrofinance\vendor\laravel\framework\src\Illuminate\Routing\Pipeline.php(33): Illuminate\Pipeline\Pipeline->Illuminate\Pipeline\{closure}(Object(Illuminate\Http\Request))
#8 C:\xampp\htdocs\ioMicrofinance\vendor\laravel\framework\src\Illuminate\Routing\Middleware\SubstituteBindings.php(41): Illuminate\Routing\Pipeline->Illuminate\Routing\{closure}(Object(Illuminate\Http\Request))
#9 C:\xampp\htdocs\ioMicrofinance\vendor\laravel\framework\src\Illuminate\Pipeline\Pipeline.php(137): Illuminate\Routing\Middleware\SubstituteBindings->handle(Object(Illuminate\Http\Request), Object(Closure))
#10 C:\xampp\htdocs\ioMicrofinance\vendor\laravel\framework\src\Illuminate\Routing\Pipeline.php(33): Illuminate\Pipeline\Pipeline->Illuminate\Pipeline\{closure}(Object(Illuminate\Http\Request))
#11 C:\xampp\htdocs\ioMicrofinance\vendor\laravel\framework\src\Illuminate\Auth\Middleware\Authenticate.php(43): Illuminate\Routing\Pipeline->Illuminate\Routing\{closure}(Object(Illuminate\Http\Request))
#12 C:\xampp\htdocs\ioMicrofinance\vendor\laravel\framework\src\Illuminate\Pipeline\Pipeline.php(137): Illuminate\Auth\Middleware\Authenticate->handle(Object(Illuminate\Http\Request), Object(Closure))
#13 C:\xampp\htdocs\ioMicrofinance\vendor\laravel\framework\src\Illuminate\Routing\Pipeline.php(33): Illuminate\Pipeline\Pipeline->Illuminate\Pipeline\{closure}(Object(Illuminate\Http\Request))
#14 C:\xampp\htdocs\ioMicrofinance\vendor\laravel\framework\src\Illuminate\Foundation\Http\Middleware\VerifyCsrfToken.php(64): Illuminate\Routing\Pipeline->Illuminate\Routing\{closure}(Object(Illuminate\Http\Request))
#15 C:\xampp\htdocs\ioMicrofinance\vendor\laravel\framework\src\Illuminate\Pipeline\Pipeline.php(137): Illuminate\Foundation\Http\Middleware\VerifyCsrfToken->handle(Object(Illuminate\Http\Request), Object(Closure))
#16 C:\xampp\htdocs\ioMicrofinance\vendor\laravel\framework\src\Illuminate\Routing\Pipeline.php(33): Illuminate\Pipeline\Pipeline->Illuminate\Pipeline\{closure}(Object(Illuminate\Http\Request))
#17 C:\xampp\htdocs\ioMicrofinance\vendor\laravel\framework\src\Illuminate\View\Middleware\ShareErrorsFromSession.php(49): Illuminate\Routing\Pipeline->Illuminate\Routing\{closure}(Object(Illuminate\Http\Request))
#18 C:\xampp\htdocs\ioMicrofinance\vendor\laravel\framework\src\Illuminate\Pipeline\Pipeline.php(137): Illuminate\View\Middleware\ShareErrorsFromSession->handle(Object(Illuminate\Http\Request), Object(Closure))
#19 C:\xampp\htdocs\ioMicrofinance\vendor\laravel\framework\src\Illuminate\Routing\Pipeline.php(33): Illuminate\Pipeline\Pipeline->Illuminate\Pipeline\{closure}(Object(Illuminate\Http\Request))
#20 C:\xampp\htdocs\ioMicrofinance\vendor\laravel\framework\src\Illuminate\Session\Middleware\StartSession.php(64): Illuminate\Routing\Pipeline->Illuminate\Routing\{closure}(Object(Illuminate\Http\Request))
#21 C:\xampp\htdocs\ioMicrofinance\vendor\laravel\framework\src\Illuminate\Pipeline\Pipeline.php(137): Illuminate\Session\Middleware\StartSession->handle(Object(Illuminate\Http\Request), Object(Closure))
#22 C:\xampp\htdocs\ioMicrofinance\vendor\laravel\framework\src\Illuminate\Routing\Pipeline.php(33): Illuminate\Pipeline\Pipeline->Illuminate\Pipeline\{closure}(Object(Illuminate\Http\Request))
#23 C:\xampp\htdocs\ioMicrofinance\vendor\laravel\framework\src\Illuminate\Cookie\Middleware\AddQueuedCookiesToResponse.php(37): Illuminate\Routing\Pipeline->Illuminate\Routing\{closure}(Object(Illuminate\Http\Request))
#24 C:\xampp\htdocs\ioMicrofinance\vendor\laravel\framework\src\Illuminate\Pipeline\Pipeline.php(137): Illuminate\Cookie\Middleware\AddQueuedCookiesToResponse->handle(Object(Illuminate\Http\Request), Object(Closure))
#25 C:\xampp\htdocs\ioMicrofinance\vendor\laravel\framework\src\Illuminate\Routing\Pipeline.php(33): Illuminate\Pipeline\Pipeline->Illuminate\Pipeline\{closure}(Object(Illuminate\Http\Request))
#26 C:\xampp\htdocs\ioMicrofinance\vendor\laravel\framework\src\Illuminate\Cookie\Middleware\EncryptCookies.php(59): Illuminate\Routing\Pipeline->Illuminate\Routing\{closure}(Object(Illuminate\Http\Request))
#27 C:\xampp\htdocs\ioMicrofinance\vendor\laravel\framework\src\Illuminate\Pipeline\Pipeline.php(137): Illuminate\Cookie\Middleware\EncryptCookies->handle(Object(Illuminate\Http\Request), Object(Closure))
#28 C:\xampp\htdocs\ioMicrofinance\vendor\laravel\framework\src\Illuminate\Routing\Pipeline.php(33): Illuminate\Pipeline\Pipeline->Illuminate\Pipeline\{closure}(Object(Illuminate\Http\Request))
#29 C:\xampp\htdocs\ioMicrofinance\vendor\laravel\framework\src\Illuminate\Pipeline\Pipeline.php(104): Illuminate\Routing\Pipeline->Illuminate\Routing\{closure}(Object(Illuminate\Http\Request))
#30 C:\xampp\htdocs\ioMicrofinance\vendor\laravel\framework\src\Illuminate\Routing\Router.php(644): Illuminate\Pipeline\Pipeline->then(Object(Closure))
#31 C:\xampp\htdocs\ioMicrofinance\vendor\laravel\framework\src\Illuminate\Routing\Router.php(618): Illuminate\Routing\Router->runRouteWithinStack(Object(Illuminate\Routing\Route), Object(Illuminate\Http\Request))
#32 C:\xampp\htdocs\ioMicrofinance\vendor\laravel\framework\src\Illuminate\Routing\Router.php(596): Illuminate\Routing\Router->dispatchToRoute(Object(Illuminate\Http\Request))
#33 C:\xampp\htdocs\ioMicrofinance\vendor\laravel\framework\src\Illuminate\Foundation\Http\Kernel.php(267): Illuminate\Routing\Router->dispatch(Object(Illuminate\Http\Request))
#34 C:\xampp\htdocs\ioMicrofinance\vendor\laravel\framework\src\Illuminate\Routing\Pipeline.php(53): Illuminate\Foundation\Http\Kernel->Illuminate\Foundation\Http\{closure}(Object(Illuminate\Http\Request))
#35 C:\xampp\htdocs\ioMicrofinance\vendor\laravel\framework\src\Illuminate\Foundation\Http\Middleware\CheckForMaintenanceMode.php(46): Illuminate\Routing\Pipeline->Illuminate\Routing\{closure}(Object(Illuminate\Http\Request))
#36 C:\xampp\htdocs\ioMicrofinance\vendor\laravel\framework\src\Illuminate\Pipeline\Pipeline.php(137): Illuminate\Foundation\Http\Middleware\CheckForMaintenanceMode->handle(Object(Illuminate\Http\Request), Object(Closure))
#37 C:\xampp\htdocs\ioMicrofinance\vendor\laravel\framework\src\Illuminate\Routing\Pipeline.php(33): Illuminate\Pipeline\Pipeline->Illuminate\Pipeline\{closure}(Object(Illuminate\Http\Request))
#38 C:\xampp\htdocs\ioMicrofinance\vendor\laravel\framework\src\Illuminate\Pipeline\Pipeline.php(104): Illuminate\Routing\Pipeline->Illuminate\Routing\{closure}(Object(Illuminate\Http\Request))
#39 C:\xampp\htdocs\ioMicrofinance\vendor\laravel\framework\src\Illuminate\Foundation\Http\Kernel.php(149): Illuminate\Pipeline\Pipeline->then(Object(Closure))
#40 C:\xampp\htdocs\ioMicrofinance\vendor\laravel\framework\src\Illuminate\Foundation\Http\Kernel.php(116): Illuminate\Foundation\Http\Kernel->sendRequestThroughRouter(Object(Illuminate\Http\Request))
#41 C:\xampp\htdocs\ioMicrofinance\public\index.php(54): Illuminate\Foundation\Http\Kernel->handle(Object(Illuminate\Http\Request))
#42 {main}  
[2016-10-19 12:23:50] local.ERROR: exception 'InvalidArgumentException' with message 'Route [customers] not defined.' in C:\xampp\htdocs\ioMicrofinance\vendor\laravel\framework\src\Illuminate\Routing\UrlGenerator.php:314
Stack trace:
#0 C:\xampp\htdocs\ioMicrofinance\vendor\laravel\framework\src\Illuminate\Routing\Redirector.php(157): Illuminate\Routing\UrlGenerator->route('customers', Array)
#1 C:\xampp\htdocs\ioMicrofinance\app\Http\Controllers\CustomersController.php(180): Illuminate\Routing\Redirector->route('customers')
#2 [internal function]: App\Http\Controllers\CustomersController->destroy('4')
#3 C:\xampp\htdocs\ioMicrofinance\vendor\laravel\framework\src\Illuminate\Routing\Controller.php(55): call_user_func_array(Array, Array)
#4 C:\xampp\htdocs\ioMicrofinance\vendor\laravel\framework\src\Illuminate\Routing\ControllerDispatcher.php(44): Illuminate\Routing\Controller->callAction('destroy', Array)
#5 C:\xampp\htdocs\ioMicrofinance\vendor\laravel\framework\src\Illuminate\Routing\Route.php(190): Illuminate\Routing\ControllerDispatcher->dispatch(Object(Illuminate\Routing\Route), Object(App\Http\Controllers\CustomersController), 'destroy')
#6 C:\xampp\htdocs\ioMicrofinance\vendor\laravel\framework\src\Illuminate\Routing\Route.php(144): Illuminate\Routing\Route->runController()
#7 C:\xampp\htdocs\ioMicrofinance\vendor\laravel\framework\src\Illuminate\Routing\Router.php(642): Illuminate\Routing\Route->run(Object(Illuminate\Http\Request))
#8 C:\xampp\htdocs\ioMicrofinance\vendor\laravel\framework\src\Illuminate\Routing\Pipeline.php(53): Illuminate\Routing\Router->Illuminate\Routing\{closure}(Object(Illuminate\Http\Request))
#9 C:\xampp\htdocs\ioMicrofinance\app\Http\Middleware\App.php(22): Illuminate\Routing\Pipeline->Illuminate\Routing\{closure}(Object(Illuminate\Http\Request))
#10 C:\xampp\htdocs\ioMicrofinance\vendor\laravel\framework\src\Illuminate\Pipeline\Pipeline.php(137): App\Http\Middleware\App->handle(Object(Illuminate\Http\Request), Object(Closure))
#11 C:\xampp\htdocs\ioMicrofinance\vendor\laravel\framework\src\Illuminate\Routing\Pipeline.php(33): Illuminate\Pipeline\Pipeline->Illuminate\Pipeline\{closure}(Object(Illuminate\Http\Request))
#12 C:\xampp\htdocs\ioMicrofinance\vendor\laravel\framework\src\Illuminate\Routing\Middleware\SubstituteBindings.php(41): Illuminate\Routing\Pipeline->Illuminate\Routing\{closure}(Object(Illuminate\Http\Request))
#13 C:\xampp\htdocs\ioMicrofinance\vendor\laravel\framework\src\Illuminate\Pipeline\Pipeline.php(137): Illuminate\Routing\Middleware\SubstituteBindings->handle(Object(Illuminate\Http\Request), Object(Closure))
#14 C:\xampp\htdocs\ioMicrofinance\vendor\laravel\framework\src\Illuminate\Routing\Pipeline.php(33): Illuminate\Pipeline\Pipeline->Illuminate\Pipeline\{closure}(Object(Illuminate\Http\Request))
#15 C:\xampp\htdocs\ioMicrofinance\vendor\laravel\framework\src\Illuminate\Auth\Middleware\Authenticate.php(43): Illuminate\Routing\Pipeline->Illuminate\Routing\{closure}(Object(Illuminate\Http\Request))
#16 C:\xampp\htdocs\ioMicrofinance\vendor\laravel\framework\src\Illuminate\Pipeline\Pipeline.php(137): Illuminate\Auth\Middleware\Authenticate->handle(Object(Illuminate\Http\Request), Object(Closure))
#17 C:\xampp\htdocs\ioMicrofinance\vendor\laravel\framework\src\Illuminate\Routing\Pipeline.php(33): Illuminate\Pipeline\Pipeline->Illuminate\Pipeline\{closure}(Object(Illuminate\Http\Request))
#18 C:\xampp\htdocs\ioMicrofinance\vendor\laravel\framework\src\Illuminate\Foundation\Http\Middleware\VerifyCsrfToken.php(64): Illuminate\Routing\Pipeline->Illuminate\Routing\{closure}(Object(Illuminate\Http\Request))
#19 C:\xampp\htdocs\ioMicrofinance\vendor\laravel\framework\src\Illuminate\Pipeline\Pipeline.php(137): Illuminate\Foundation\Http\Middleware\VerifyCsrfToken->handle(Object(Illuminate\Http\Request), Object(Closure))
#20 C:\xampp\htdocs\ioMicrofinance\vendor\laravel\framework\src\Illuminate\Routing\Pipeline.php(33): Illuminate\Pipeline\Pipeline->Illuminate\Pipeline\{closure}(Object(Illuminate\Http\Request))
#21 C:\xampp\htdocs\ioMicrofinance\vendor\laravel\framework\src\Illuminate\View\Middleware\ShareErrorsFromSession.php(49): Illuminate\Routing\Pipeline->Illuminate\Routing\{closure}(Object(Illuminate\Http\Request))
#22 C:\xampp\htdocs\ioMicrofinance\vendor\laravel\framework\src\Illuminate\Pipeline\Pipeline.php(137): Illuminate\View\Middleware\ShareErrorsFromSession->handle(Object(Illuminate\Http\Request), Object(Closure))
#23 C:\xampp\htdocs\ioMicrofinance\vendor\laravel\framework\src\Illuminate\Routing\Pipeline.php(33): Illuminate\Pipeline\Pipeline->Illuminate\Pipeline\{closure}(Object(Illuminate\Http\Request))
#24 C:\xampp\htdocs\ioMicrofinance\vendor\laravel\framework\src\Illuminate\Session\Middleware\StartSession.php(64): Illuminate\Routing\Pipeline->Illuminate\Routing\{closure}(Object(Illuminate\Http\Request))
#25 C:\xampp\htdocs\ioMicrofinance\vendor\laravel\framework\src\Illuminate\Pipeline\Pipeline.php(137): Illuminate\Session\Middleware\StartSession->handle(Object(Illuminate\Http\Request), Object(Closure))
#26 C:\xampp\htdocs\ioMicrofinance\vendor\laravel\framework\src\Illuminate\Routing\Pipeline.php(33): Illuminate\Pipeline\Pipeline->Illuminate\Pipeline\{closure}(Object(Illuminate\Http\Request))
#27 C:\xampp\htdocs\ioMicrofinance\vendor\laravel\framework\src\Illuminate\Cookie\Middleware\AddQueuedCookiesToResponse.php(37): Illuminate\Routing\Pipeline->Illuminate\Routing\{closure}(Object(Illuminate\Http\Request))
#28 C:\xampp\htdocs\ioMicrofinance\vendor\laravel\framework\src\Illuminate\Pipeline\Pipeline.php(137): Illuminate\Cookie\Middleware\AddQueuedCookiesToResponse->handle(Object(Illuminate\Http\Request), Object(Closure))
#29 C:\xampp\htdocs\ioMicrofinance\vendor\laravel\framework\src\Illuminate\Routing\Pipeline.php(33): Illuminate\Pipeline\Pipeline->Illuminate\Pipeline\{closure}(Object(Illuminate\Http\Request))
#30 C:\xampp\htdocs\ioMicrofinance\vendor\laravel\framework\src\Illuminate\Cookie\Middleware\EncryptCookies.php(59): Illuminate\Routing\Pipeline->Illuminate\Routing\{closure}(Object(Illuminate\Http\Request))
#31 C:\xampp\htdocs\ioMicrofinance\vendor\laravel\framework\src\Illuminate\Pipeline\Pipeline.php(137): Illuminate\Cookie\Middleware\EncryptCookies->handle(Object(Illuminate\Http\Request), Object(Closure))
#32 C:\xampp\htdocs\ioMicrofinance\vendor\laravel\framework\src\Illuminate\Routing\Pipeline.php(33): Illuminate\Pipeline\Pipeline->Illuminate\Pipeline\{closure}(Object(Illuminate\Http\Request))
#33 C:\xampp\htdocs\ioMicrofinance\vendor\laravel\framework\src\Illuminate\Pipeline\Pipeline.php(104): Illuminate\Routing\Pipeline->Illuminate\Routing\{closure}(Object(Illuminate\Http\Request))
#34 C:\xampp\htdocs\ioMicrofinance\vendor\laravel\framework\src\Illuminate\Routing\Router.php(644): Illuminate\Pipeline\Pipeline->then(Object(Closure))
#35 C:\xampp\htdocs\ioMicrofinance\vendor\laravel\framework\src\Illuminate\Routing\Router.php(618): Illuminate\Routing\Router->runRouteWithinStack(Object(Illuminate\Routing\Route), Object(Illuminate\Http\Request))
#36 C:\xampp\htdocs\ioMicrofinance\vendor\laravel\framework\src\Illuminate\Routing\Router.php(596): Illuminate\Routing\Router->dispatchToRoute(Object(Illuminate\Http\Request))
#37 C:\xampp\htdocs\ioMicrofinance\vendor\laravel\framework\src\Illuminate\Foundation\Http\Kernel.php(267): Illuminate\Routing\Router->dispatch(Object(Illuminate\Http\Request))
#38 C:\xampp\htdocs\ioMicrofinance\vendor\laravel\framework\src\Illuminate\Routing\Pipeline.php(53): Illuminate\Foundation\Http\Kernel->Illuminate\Foundation\Http\{closure}(Object(Illuminate\Http\Request))
#39 C:\xampp\htdocs\ioMicrofinance\vendor\laravel\framework\src\Illuminate\Foundation\Http\Middleware\CheckForMaintenanceMode.php(46): Illuminate\Routing\Pipeline->Illuminate\Routing\{closure}(Object(Illuminate\Http\Request))
#40 C:\xampp\htdocs\ioMicrofinance\vendor\laravel\framework\src\Illuminate\Pipeline\Pipeline.php(137): Illuminate\Foundation\Http\Middleware\CheckForMaintenanceMode->handle(Object(Illuminate\Http\Request), Object(Closure))
#41 C:\xampp\htdocs\ioMicrofinance\vendor\laravel\framework\src\Illuminate\Routing\Pipeline.php(33): Illuminate\Pipeline\Pipeline->Illuminate\Pipeline\{closure}(Object(Illuminate\Http\Request))
#42 C:\xampp\htdocs\ioMicrofinance\vendor\laravel\framework\src\Illuminate\Pipeline\Pipeline.php(104): Illuminate\Routing\Pipeline->Illuminate\Routing\{closure}(Object(Illuminate\Http\Request))
#43 C:\xampp\htdocs\ioMicrofinance\vendor\laravel\framework\src\Illuminate\Foundation\Http\Kernel.php(149): Illuminate\Pipeline\Pipeline->then(Object(Closure))
#44 C:\xampp\htdocs\ioMicrofinance\vendor\laravel\framework\src\Illuminate\Foundation\Http\Kernel.php(116): Illuminate\Foundation\Http\Kernel->sendRequestThroughRouter(Object(Illuminate\Http\Request))
#45 C:\xampp\htdocs\ioMicrofinance\public\index.php(54): Illuminate\Foundation\Http\Kernel->handle(Object(Illuminate\Http\Request))
#46 {main}  
[2016-10-19 12:26:39] local.ERROR: exception 'Symfony\Component\Debug\Exception\FatalErrorException' with message 'Call to a member function name() on null' in C:\xampp\htdocs\ioMicrofinance\routes\web.php:21
Stack trace:
#0 {main}  
[2016-10-19 12:26:50] local.ERROR: exception 'Symfony\Component\Debug\Exception\FatalErrorException' with message 'Call to a member function name() on null' in C:\xampp\htdocs\ioMicrofinance\routes\web.php:21
Stack trace:
#0 {main}  
[2016-10-19 12:26:50] local.ERROR: exception 'Symfony\Component\Debug\Exception\FatalErrorException' with message 'Call to a member function name() on null' in C:\xampp\htdocs\ioMicrofinance\routes\web.php:21
Stack trace:
#0 {main}  
[2016-10-19 12:26:50] local.ERROR: exception 'Symfony\Component\Debug\Exception\FatalErrorException' with message 'Call to a member function name() on null' in C:\xampp\htdocs\ioMicrofinance\routes\web.php:21
Stack trace:
#0 {main}  
[2016-10-19 12:26:51] local.ERROR: exception 'Symfony\Component\Debug\Exception\FatalErrorException' with message 'Call to a member function name() on null' in C:\xampp\htdocs\ioMicrofinance\routes\web.php:21
Stack trace:
#0 {main}  
[2016-10-19 12:26:54] local.ERROR: exception 'Symfony\Component\Debug\Exception\FatalErrorException' with message 'Call to a member function name() on null' in C:\xampp\htdocs\ioMicrofinance\routes\web.php:21
Stack trace:
#0 {main}  
[2016-10-19 12:26:57] local.ERROR: exception 'Symfony\Component\Debug\Exception\FatalErrorException' with message 'Call to a member function name() on null' in C:\xampp\htdocs\ioMicrofinance\routes\web.php:21
Stack trace:
#0 {main}  
[2016-10-19 12:27:01] local.ERROR: exception 'Symfony\Component\Debug\Exception\FatalErrorException' with message 'Call to a member function name() on null' in C:\xampp\htdocs\ioMicrofinance\routes\web.php:21
Stack trace:
#0 {main}  
[2016-10-19 12:28:19] local.ERROR: exception 'UnexpectedValueException' with message 'Invalid route action: [App\Http\Controllers\CustomersController]' in C:\xampp\htdocs\ioMicrofinance\vendor\laravel\framework\src\Illuminate\Routing\Route.php:646
Stack trace:
#0 C:\xampp\htdocs\ioMicrofinance\vendor\laravel\framework\src\Illuminate\Routing\Route.php(618): Illuminate\Routing\Route->makeInvokableAction('App\\Http\\Contro...')
#1 C:\xampp\htdocs\ioMicrofinance\vendor\laravel\framework\src\Illuminate\Routing\Route.php(121): Illuminate\Routing\Route->parseAction(Array)
#2 C:\xampp\htdocs\ioMicrofinance\vendor\laravel\framework\src\Illuminate\Routing\Router.php(487): Illuminate\Routing\Route->__construct(Array, 'customers', Array)
#3 C:\xampp\htdocs\ioMicrofinance\vendor\laravel\framework\src\Illuminate\Routing\Router.php(463): Illuminate\Routing\Router->newRoute(Array, 'customers', Array)
#4 C:\xampp\htdocs\ioMicrofinance\vendor\laravel\framework\src\Illuminate\Routing\Router.php(441): Illuminate\Routing\Router->createRoute(Array, 'customers', 'CustomersContro...')
#5 C:\xampp\htdocs\ioMicrofinance\vendor\laravel\framework\src\Illuminate\Routing\Router.php(138): Illuminate\Routing\Router->addRoute(Array, 'customers', 'CustomersContro...')
#6 C:\xampp\htdocs\ioMicrofinance\vendor\laravel\framework\src\Illuminate\Support\Facades\Facade.php(237): Illuminate\Routing\Router->get('customers', 'CustomersContro...')
#7 C:\xampp\htdocs\ioMicrofinance\routes\web.php(21): Illuminate\Support\Facades\Facade::__callStatic('get', Array)
#8 C:\xampp\htdocs\ioMicrofinance\routes\web.php(21): Illuminate\Support\Facades\Route::get('customers', 'CustomersContro...')
#9 [internal function]: App\Providers\RouteServiceProvider->{closure}(Object(Illuminate\Routing\Router))
#10 C:\xampp\htdocs\ioMicrofinance\vendor\laravel\framework\src\Illuminate\Routing\Router.php(319): call_user_func(Object(Closure), Object(Illuminate\Routing\Router))
#11 C:\xampp\htdocs\ioMicrofinance\vendor\laravel\framework\src\Illuminate\Support\Facades\Facade.php(237): Illuminate\Routing\Router->group(Array, Object(Closure))
#12 C:\xampp\htdocs\ioMicrofinance\routes\web.php(74): Illuminate\Support\Facades\Facade::__callStatic('group', Array)
#13 C:\xampp\htdocs\ioMicrofinance\routes\web.php(74): Illuminate\Support\Facades\Route::group(Array, Object(Closure))
#14 C:\xampp\htdocs\ioMicrofinance\app\Providers\RouteServiceProvider.php(54): require('C:\\xampp\\htdocs...')
#15 [internal function]: App\Providers\RouteServiceProvider->App\Providers\{closure}(Object(Illuminate\Routing\Router))
#16 C:\xampp\htdocs\ioMicrofinance\vendor\laravel\framework\src\Illuminate\Routing\Router.php(319): call_user_func(Object(Closure), Object(Illuminate\Routing\Router))
#17 C:\xampp\htdocs\ioMicrofinance\vendor\laravel\framework\src\Illuminate\Support\Facades\Facade.php(237): Illuminate\Routing\Router->group(Array, Object(Closure))
#18 C:\xampp\htdocs\ioMicrofinance\app\Providers\RouteServiceProvider.php(55): Illuminate\Support\Facades\Facade::__callStatic('group', Array)
#19 C:\xampp\htdocs\ioMicrofinance\app\Providers\RouteServiceProvider.php(55): Illuminate\Support\Facades\Route::group(Array, Object(Closure))
#20 C:\xampp\htdocs\ioMicrofinance\app\Providers\RouteServiceProvider.php(36): App\Providers\RouteServiceProvider->mapWebRoutes()
#21 [internal function]: App\Providers\RouteServiceProvider->map()
#22 C:\xampp\htdocs\ioMicrofinance\vendor\laravel\framework\src\Illuminate\Container\Container.php(507): call_user_func_array(Array, Array)
#23 C:\xampp\htdocs\ioMicrofinance\vendor\laravel\framework\src\Illuminate\Foundation\Support\Providers\RouteServiceProvider.php(70): Illuminate\Container\Container->call(Array)
#24 C:\xampp\htdocs\ioMicrofinance\vendor\laravel\framework\src\Illuminate\Foundation\Support\Providers\RouteServiceProvider.php(31): Illuminate\Foundation\Support\Providers\RouteServiceProvider->loadRoutes()
#25 C:\xampp\htdocs\ioMicrofinance\app\Providers\RouteServiceProvider.php(26): Illuminate\Foundation\Support\Providers\RouteServiceProvider->boot()
#26 [internal function]: App\Providers\RouteServiceProvider->boot()
#27 C:\xampp\htdocs\ioMicrofinance\vendor\laravel\framework\src\Illuminate\Container\Container.php(507): call_user_func_array(Array, Array)
#28 C:\xampp\htdocs\ioMicrofinance\vendor\laravel\framework\src\Illuminate\Foundation\Application.php(769): Illuminate\Container\Container->call(Array)
#29 C:\xampp\htdocs\ioMicrofinance\vendor\laravel\framework\src\Illuminate\Foundation\Application.php(752): Illuminate\Foundation\Application->bootProvider(Object(App\Providers\RouteServiceProvider))
#30 [internal function]: Illuminate\Foundation\Application->Illuminate\Foundation\{closure}(Object(App\Providers\RouteServiceProvider), 16)
#31 C:\xampp\htdocs\ioMicrofinance\vendor\laravel\framework\src\Illuminate\Foundation\Application.php(753): array_walk(Array, Object(Closure))
#32 C:\xampp\htdocs\ioMicrofinance\vendor\laravel\framework\src\Illuminate\Foundation\Bootstrap\BootProviders.php(17): Illuminate\Foundation\Application->boot()
#33 C:\xampp\htdocs\ioMicrofinance\vendor\laravel\framework\src\Illuminate\Foundation\Application.php(203): Illuminate\Foundation\Bootstrap\BootProviders->bootstrap(Object(Illuminate\Foundation\Application))
#34 C:\xampp\htdocs\ioMicrofinance\vendor\laravel\framework\src\Illuminate\Foundation\Http\Kernel.php(253): Illuminate\Foundation\Application->bootstrapWith(Array)
#35 C:\xampp\htdocs\ioMicrofinance\vendor\laravel\framework\src\Illuminate\Foundation\Http\Kernel.php(144): Illuminate\Foundation\Http\Kernel->bootstrap()
#36 C:\xampp\htdocs\ioMicrofinance\vendor\laravel\framework\src\Illuminate\Foundation\Http\Kernel.php(116): Illuminate\Foundation\Http\Kernel->sendRequestThroughRouter(Object(Illuminate\Http\Request))
#37 C:\xampp\htdocs\ioMicrofinance\public\index.php(54): Illuminate\Foundation\Http\Kernel->handle(Object(Illuminate\Http\Request))
#38 {main}  
[2016-10-19 12:28:50] local.ERROR: exception 'Symfony\Component\Debug\Exception\FatalErrorException' with message 'Call to a member function name() on null' in C:\xampp\htdocs\ioMicrofinance\routes\web.php:30
Stack trace:
#0 {main}  
[2016-10-19 12:33:45] local.ERROR: exception 'Symfony\Component\Debug\Exception\FatalErrorException' with message 'Call to a member function name() on null' in C:\xampp\htdocs\ioMicrofinance\routes\web.php:33
Stack trace:
#0 {main}  
[2016-10-19 12:35:54] local.ERROR: exception 'InvalidArgumentException' with message 'Route [customers.create] not defined.' in C:\xampp\htdocs\ioMicrofinance\vendor\laravel\framework\src\Illuminate\Routing\UrlGenerator.php:314
Stack trace:
#0 C:\xampp\htdocs\ioMicrofinance\vendor\laravel\framework\src\Illuminate\Foundation\helpers.php(692): Illuminate\Routing\UrlGenerator->route('customers.creat...', Array, true)
#1 C:\xampp\htdocs\ioMicrofinance\storage\framework\views\ed0b12012fc353566d2072cfbbee8da83bc1cbb0.php(31): route('customers.creat...')
#2 C:\xampp\htdocs\ioMicrofinance\vendor\laravel\framework\src\Illuminate\View\Engines\PhpEngine.php(42): include('C:\\xampp\\htdocs...')
#3 C:\xampp\htdocs\ioMicrofinance\vendor\laravel\framework\src\Illuminate\View\Engines\CompilerEngine.php(59): Illuminate\View\Engines\PhpEngine->evaluatePath('C:\\xampp\\htdocs...', Array)
#4 C:\xampp\htdocs\ioMicrofinance\vendor\laravel\framework\src\Illuminate\View\View.php(149): Illuminate\View\Engines\CompilerEngine->get('C:\\xampp\\htdocs...', Array)
#5 C:\xampp\htdocs\ioMicrofinance\vendor\laravel\framework\src\Illuminate\View\View.php(120): Illuminate\View\View->getContents()
#6 C:\xampp\htdocs\ioMicrofinance\vendor\laravel\framework\src\Illuminate\View\View.php(85): Illuminate\View\View->renderContents()
#7 C:\xampp\htdocs\ioMicrofinance\vendor\laravel\framework\src\Illuminate\Http\Response.php(45): Illuminate\View\View->render()
#8 C:\xampp\htdocs\ioMicrofinance\vendor\symfony\http-foundation\Response.php(201): Illuminate\Http\Response->setContent(Object(Illuminate\View\View))
#9 C:\xampp\htdocs\ioMicrofinance\vendor\laravel\framework\src\Illuminate\Routing\Router.php(1042): Symfony\Component\HttpFoundation\Response->__construct(Object(Illuminate\View\View))
#10 C:\xampp\htdocs\ioMicrofinance\vendor\laravel\framework\src\Illuminate\Routing\Router.php(643): Illuminate\Routing\Router->prepareResponse(Object(Illuminate\Http\Request), Object(Illuminate\View\View))
#11 C:\xampp\htdocs\ioMicrofinance\vendor\laravel\framework\src\Illuminate\Routing\Pipeline.php(53): Illuminate\Routing\Router->Illuminate\Routing\{closure}(Object(Illuminate\Http\Request))
#12 C:\xampp\htdocs\ioMicrofinance\app\Http\Middleware\App.php(22): Illuminate\Routing\Pipeline->Illuminate\Routing\{closure}(Object(Illuminate\Http\Request))
#13 C:\xampp\htdocs\ioMicrofinance\vendor\laravel\framework\src\Illuminate\Pipeline\Pipeline.php(137): App\Http\Middleware\App->handle(Object(Illuminate\Http\Request), Object(Closure))
#14 C:\xampp\htdocs\ioMicrofinance\vendor\laravel\framework\src\Illuminate\Routing\Pipeline.php(33): Illuminate\Pipeline\Pipeline->Illuminate\Pipeline\{closure}(Object(Illuminate\Http\Request))
#15 C:\xampp\htdocs\ioMicrofinance\vendor\laravel\framework\src\Illuminate\Routing\Middleware\SubstituteBindings.php(41): Illuminate\Routing\Pipeline->Illuminate\Routing\{closure}(Object(Illuminate\Http\Request))
#16 C:\xampp\htdocs\ioMicrofinance\vendor\laravel\framework\src\Illuminate\Pipeline\Pipeline.php(137): Illuminate\Routing\Middleware\SubstituteBindings->handle(Object(Illuminate\Http\Request), Object(Closure))
#17 C:\xampp\htdocs\ioMicrofinance\vendor\laravel\framework\src\Illuminate\Routing\Pipeline.php(33): Illuminate\Pipeline\Pipeline->Illuminate\Pipeline\{closure}(Object(Illuminate\Http\Request))
#18 C:\xampp\htdocs\ioMicrofinance\vendor\laravel\framework\src\Illuminate\Auth\Middleware\Authenticate.php(43): Illuminate\Routing\Pipeline->Illuminate\Routing\{closure}(Object(Illuminate\Http\Request))
#19 C:\xampp\htdocs\ioMicrofinance\vendor\laravel\framework\src\Illuminate\Pipeline\Pipeline.php(137): Illuminate\Auth\Middleware\Authenticate->handle(Object(Illuminate\Http\Request), Object(Closure))
#20 C:\xampp\htdocs\ioMicrofinance\vendor\laravel\framework\src\Illuminate\Routing\Pipeline.php(33): Illuminate\Pipeline\Pipeline->Illuminate\Pipeline\{closure}(Object(Illuminate\Http\Request))
#21 C:\xampp\htdocs\ioMicrofinance\vendor\laravel\framework\src\Illuminate\Foundation\Http\Middleware\VerifyCsrfToken.php(64): Illuminate\Routing\Pipeline->Illuminate\Routing\{closure}(Object(Illuminate\Http\Request))
#22 C:\xampp\htdocs\ioMicrofinance\vendor\laravel\framework\src\Illuminate\Pipeline\Pipeline.php(137): Illuminate\Foundation\Http\Middleware\VerifyCsrfToken->handle(Object(Illuminate\Http\Request), Object(Closure))
#23 C:\xampp\htdocs\ioMicrofinance\vendor\laravel\framework\src\Illuminate\Routing\Pipeline.php(33): Illuminate\Pipeline\Pipeline->Illuminate\Pipeline\{closure}(Object(Illuminate\Http\Request))
#24 C:\xampp\htdocs\ioMicrofinance\vendor\laravel\framework\src\Illuminate\View\Middleware\ShareErrorsFromSession.php(49): Illuminate\Routing\Pipeline->Illuminate\Routing\{closure}(Object(Illuminate\Http\Request))
#25 C:\xampp\htdocs\ioMicrofinance\vendor\laravel\framework\src\Illuminate\Pipeline\Pipeline.php(137): Illuminate\View\Middleware\ShareErrorsFromSession->handle(Object(Illuminate\Http\Request), Object(Closure))
#26 C:\xampp\htdocs\ioMicrofinance\vendor\laravel\framework\src\Illuminate\Routing\Pipeline.php(33): Illuminate\Pipeline\Pipeline->Illuminate\Pipeline\{closure}(Object(Illuminate\Http\Request))
#27 C:\xampp\htdocs\ioMicrofinance\vendor\laravel\framework\src\Illuminate\Session\Middleware\StartSession.php(64): Illuminate\Routing\Pipeline->Illuminate\Routing\{closure}(Object(Illuminate\Http\Request))
#28 C:\xampp\htdocs\ioMicrofinance\vendor\laravel\framework\src\Illuminate\Pipeline\Pipeline.php(137): Illuminate\Session\Middleware\StartSession->handle(Object(Illuminate\Http\Request), Object(Closure))
#29 C:\xampp\htdocs\ioMicrofinance\vendor\laravel\framework\src\Illuminate\Routing\Pipeline.php(33): Illuminate\Pipeline\Pipeline->Illuminate\Pipeline\{closure}(Object(Illuminate\Http\Request))
#30 C:\xampp\htdocs\ioMicrofinance\vendor\laravel\framework\src\Illuminate\Cookie\Middleware\AddQueuedCookiesToResponse.php(37): Illuminate\Routing\Pipeline->Illuminate\Routing\{closure}(Object(Illuminate\Http\Request))
#31 C:\xampp\htdocs\ioMicrofinance\vendor\laravel\framework\src\Illuminate\Pipeline\Pipeline.php(137): Illuminate\Cookie\Middleware\AddQueuedCookiesToResponse->handle(Object(Illuminate\Http\Request), Object(Closure))
#32 C:\xampp\htdocs\ioMicrofinance\vendor\laravel\framework\src\Illuminate\Routing\Pipeline.php(33): Illuminate\Pipeline\Pipeline->Illuminate\Pipeline\{closure}(Object(Illuminate\Http\Request))
#33 C:\xampp\htdocs\ioMicrofinance\vendor\laravel\framework\src\Illuminate\Cookie\Middleware\EncryptCookies.php(59): Illuminate\Routing\Pipeline->Illuminate\Routing\{closure}(Object(Illuminate\Http\Request))
#34 C:\xampp\htdocs\ioMicrofinance\vendor\laravel\framework\src\Illuminate\Pipeline\Pipeline.php(137): Illuminate\Cookie\Middleware\EncryptCookies->handle(Object(Illuminate\Http\Request), Object(Closure))
#35 C:\xampp\htdocs\ioMicrofinance\vendor\laravel\framework\src\Illuminate\Routing\Pipeline.php(33): Illuminate\Pipeline\Pipeline->Illuminate\Pipeline\{closure}(Object(Illuminate\Http\Request))
#36 C:\xampp\htdocs\ioMicrofinance\vendor\laravel\framework\src\Illuminate\Pipeline\Pipeline.php(104): Illuminate\Routing\Pipeline->Illuminate\Routing\{closure}(Object(Illuminate\Http\Request))
#37 C:\xampp\htdocs\ioMicrofinance\vendor\laravel\framework\src\Illuminate\Routing\Router.php(644): Illuminate\Pipeline\Pipeline->then(Object(Closure))
#38 C:\xampp\htdocs\ioMicrofinance\vendor\laravel\framework\src\Illuminate\Routing\Router.php(618): Illuminate\Routing\Router->runRouteWithinStack(Object(Illuminate\Routing\Route), Object(Illuminate\Http\Request))
#39 C:\xampp\htdocs\ioMicrofinance\vendor\laravel\framework\src\Illuminate\Routing\Router.php(596): Illuminate\Routing\Router->dispatchToRoute(Object(Illuminate\Http\Request))
#40 C:\xampp\htdocs\ioMicrofinance\vendor\laravel\framework\src\Illuminate\Foundation\Http\Kernel.php(267): Illuminate\Routing\Router->dispatch(Object(Illuminate\Http\Request))
#41 C:\xampp\htdocs\ioMicrofinance\vendor\laravel\framework\src\Illuminate\Routing\Pipeline.php(53): Illuminate\Foundation\Http\Kernel->Illuminate\Foundation\Http\{closure}(Object(Illuminate\Http\Request))
#42 C:\xampp\htdocs\ioMicrofinance\vendor\laravel\framework\src\Illuminate\Foundation\Http\Middleware\CheckForMaintenanceMode.php(46): Illuminate\Routing\Pipeline->Illuminate\Routing\{closure}(Object(Illuminate\Http\Request))
#43 C:\xampp\htdocs\ioMicrofinance\vendor\laravel\framework\src\Illuminate\Pipeline\Pipeline.php(137): Illuminate\Foundation\Http\Middleware\CheckForMaintenanceMode->handle(Object(Illuminate\Http\Request), Object(Closure))
#44 C:\xampp\htdocs\ioMicrofinance\vendor\laravel\framework\src\Illuminate\Routing\Pipeline.php(33): Illuminate\Pipeline\Pipeline->Illuminate\Pipeline\{closure}(Object(Illuminate\Http\Request))
#45 C:\xampp\htdocs\ioMicrofinance\vendor\laravel\framework\src\Illuminate\Pipeline\Pipeline.php(104): Illuminate\Routing\Pipeline->Illuminate\Routing\{closure}(Object(Illuminate\Http\Request))
#46 C:\xampp\htdocs\ioMicrofinance\vendor\laravel\framework\src\Illuminate\Foundation\Http\Kernel.php(149): Illuminate\Pipeline\Pipeline->then(Object(Closure))
#47 C:\xampp\htdocs\ioMicrofinance\vendor\laravel\framework\src\Illuminate\Foundation\Http\Kernel.php(116): Illuminate\Foundation\Http\Kernel->sendRequestThroughRouter(Object(Illuminate\Http\Request))
#48 C:\xampp\htdocs\ioMicrofinance\public\index.php(54): Illuminate\Foundation\Http\Kernel->handle(Object(Illuminate\Http\Request))
#49 {main}

Next exception 'ErrorException' with message 'Route [customers.create] not defined. (View: C:\xampp\htdocs\ioMicrofinance\resources\views\customers\index.blade.php)' in C:\xampp\htdocs\ioMicrofinance\vendor\laravel\framework\src\Illuminate\Routing\UrlGenerator.php:314
Stack trace:
#0 C:\xampp\htdocs\ioMicrofinance\vendor\laravel\framework\src\Illuminate\View\Engines\PhpEngine.php(44): Illuminate\View\Engines\CompilerEngine->handleViewException(Object(InvalidArgumentException), 1)
#1 C:\xampp\htdocs\ioMicrofinance\vendor\laravel\framework\src\Illuminate\View\Engines\CompilerEngine.php(59): Illuminate\View\Engines\PhpEngine->evaluatePath('C:\\xampp\\htdocs...', Array)
#2 C:\xampp\htdocs\ioMicrofinance\vendor\laravel\framework\src\Illuminate\View\View.php(149): Illuminate\View\Engines\CompilerEngine->get('C:\\xampp\\htdocs...', Array)
#3 C:\xampp\htdocs\ioMicrofinance\vendor\laravel\framework\src\Illuminate\View\View.php(120): Illuminate\View\View->getContents()
#4 C:\xampp\htdocs\ioMicrofinance\vendor\laravel\framework\src\Illuminate\View\View.php(85): Illuminate\View\View->renderContents()
#5 C:\xampp\htdocs\ioMicrofinance\vendor\laravel\framework\src\Illuminate\Http\Response.php(45): Illuminate\View\View->render()
#6 C:\xampp\htdocs\ioMicrofinance\vendor\symfony\http-foundation\Response.php(201): Illuminate\Http\Response->setContent(Object(Illuminate\View\View))
#7 C:\xampp\htdocs\ioMicrofinance\vendor\laravel\framework\src\Illuminate\Routing\Router.php(1042): Symfony\Component\HttpFoundation\Response->__construct(Object(Illuminate\View\View))
#8 C:\xampp\htdocs\ioMicrofinance\vendor\laravel\framework\src\Illuminate\Routing\Router.php(643): Illuminate\Routing\Router->prepareResponse(Object(Illuminate\Http\Request), Object(Illuminate\View\View))
#9 C:\xampp\htdocs\ioMicrofinance\vendor\laravel\framework\src\Illuminate\Routing\Pipeline.php(53): Illuminate\Routing\Router->Illuminate\Routing\{closure}(Object(Illuminate\Http\Request))
#10 C:\xampp\htdocs\ioMicrofinance\app\Http\Middleware\App.php(22): Illuminate\Routing\Pipeline->Illuminate\Routing\{closure}(Object(Illuminate\Http\Request))
#11 C:\xampp\htdocs\ioMicrofinance\vendor\laravel\framework\src\Illuminate\Pipeline\Pipeline.php(137): App\Http\Middleware\App->handle(Object(Illuminate\Http\Request), Object(Closure))
#12 C:\xampp\htdocs\ioMicrofinance\vendor\laravel\framework\src\Illuminate\Routing\Pipeline.php(33): Illuminate\Pipeline\Pipeline->Illuminate\Pipeline\{closure}(Object(Illuminate\Http\Request))
#13 C:\xampp\htdocs\ioMicrofinance\vendor\laravel\framework\src\Illuminate\Routing\Middleware\SubstituteBindings.php(41): Illuminate\Routing\Pipeline->Illuminate\Routing\{closure}(Object(Illuminate\Http\Request))
#14 C:\xampp\htdocs\ioMicrofinance\vendor\laravel\framework\src\Illuminate\Pipeline\Pipeline.php(137): Illuminate\Routing\Middleware\SubstituteBindings->handle(Object(Illuminate\Http\Request), Object(Closure))
#15 C:\xampp\htdocs\ioMicrofinance\vendor\laravel\framework\src\Illuminate\Routing\Pipeline.php(33): Illuminate\Pipeline\Pipeline->Illuminate\Pipeline\{closure}(Object(Illuminate\Http\Request))
#16 C:\xampp\htdocs\ioMicrofinance\vendor\laravel\framework\src\Illuminate\Auth\Middleware\Authenticate.php(43): Illuminate\Routing\Pipeline->Illuminate\Routing\{closure}(Object(Illuminate\Http\Request))
#17 C:\xampp\htdocs\ioMicrofinance\vendor\laravel\framework\src\Illuminate\Pipeline\Pipeline.php(137): Illuminate\Auth\Middleware\Authenticate->handle(Object(Illuminate\Http\Request), Object(Closure))
#18 C:\xampp\htdocs\ioMicrofinance\vendor\laravel\framework\src\Illuminate\Routing\Pipeline.php(33): Illuminate\Pipeline\Pipeline->Illuminate\Pipeline\{closure}(Object(Illuminate\Http\Request))
#19 C:\xampp\htdocs\ioMicrofinance\vendor\laravel\framework\src\Illuminate\Foundation\Http\Middleware\VerifyCsrfToken.php(64): Illuminate\Routing\Pipeline->Illuminate\Routing\{closure}(Object(Illuminate\Http\Request))
#20 C:\xampp\htdocs\ioMicrofinance\vendor\laravel\framework\src\Illuminate\Pipeline\Pipeline.php(137): Illuminate\Foundation\Http\Middleware\VerifyCsrfToken->handle(Object(Illuminate\Http\Request), Object(Closure))
#21 C:\xampp\htdocs\ioMicrofinance\vendor\laravel\framework\src\Illuminate\Routing\Pipeline.php(33): Illuminate\Pipeline\Pipeline->Illuminate\Pipeline\{closure}(Object(Illuminate\Http\Request))
#22 C:\xampp\htdocs\ioMicrofinance\vendor\laravel\framework\src\Illuminate\View\Middleware\ShareErrorsFromSession.php(49): Illuminate\Routing\Pipeline->Illuminate\Routing\{closure}(Object(Illuminate\Http\Request))
#23 C:\xampp\htdocs\ioMicrofinance\vendor\laravel\framework\src\Illuminate\Pipeline\Pipeline.php(137): Illuminate\View\Middleware\ShareErrorsFromSession->handle(Object(Illuminate\Http\Request), Object(Closure))
#24 C:\xampp\htdocs\ioMicrofinance\vendor\laravel\framework\src\Illuminate\Routing\Pipeline.php(33): Illuminate\Pipeline\Pipeline->Illuminate\Pipeline\{closure}(Object(Illuminate\Http\Request))
#25 C:\xampp\htdocs\ioMicrofinance\vendor\laravel\framework\src\Illuminate\Session\Middleware\StartSession.php(64): Illuminate\Routing\Pipeline->Illuminate\Routing\{closure}(Object(Illuminate\Http\Request))
#26 C:\xampp\htdocs\ioMicrofinance\vendor\laravel\framework\src\Illuminate\Pipeline\Pipeline.php(137): Illuminate\Session\Middleware\StartSession->handle(Object(Illuminate\Http\Request), Object(Closure))
#27 C:\xampp\htdocs\ioMicrofinance\vendor\laravel\framework\src\Illuminate\Routing\Pipeline.php(33): Illuminate\Pipeline\Pipeline->Illuminate\Pipeline\{closure}(Object(Illuminate\Http\Request))
#28 C:\xampp\htdocs\ioMicrofinance\vendor\laravel\framework\src\Illuminate\Cookie\Middleware\AddQueuedCookiesToResponse.php(37): Illuminate\Routing\Pipeline->Illuminate\Routing\{closure}(Object(Illuminate\Http\Request))
#29 C:\xampp\htdocs\ioMicrofinance\vendor\laravel\framework\src\Illuminate\Pipeline\Pipeline.php(137): Illuminate\Cookie\Middleware\AddQueuedCookiesToResponse->handle(Object(Illuminate\Http\Request), Object(Closure))
#30 C:\xampp\htdocs\ioMicrofinance\vendor\laravel\framework\src\Illuminate\Routing\Pipeline.php(33): Illuminate\Pipeline\Pipeline->Illuminate\Pipeline\{closure}(Object(Illuminate\Http\Request))
#31 C:\xampp\htdocs\ioMicrofinance\vendor\laravel\framework\src\Illuminate\Cookie\Middleware\EncryptCookies.php(59): Illuminate\Routing\Pipeline->Illuminate\Routing\{closure}(Object(Illuminate\Http\Request))
#32 C:\xampp\htdocs\ioMicrofinance\vendor\laravel\framework\src\Illuminate\Pipeline\Pipeline.php(137): Illuminate\Cookie\Middleware\EncryptCookies->handle(Object(Illuminate\Http\Request), Object(Closure))
#33 C:\xampp\htdocs\ioMicrofinance\vendor\laravel\framework\src\Illuminate\Routing\Pipeline.php(33): Illuminate\Pipeline\Pipeline->Illuminate\Pipeline\{closure}(Object(Illuminate\Http\Request))
#34 C:\xampp\htdocs\ioMicrofinance\vendor\laravel\framework\src\Illuminate\Pipeline\Pipeline.php(104): Illuminate\Routing\Pipeline->Illuminate\Routing\{closure}(Object(Illuminate\Http\Request))
#35 C:\xampp\htdocs\ioMicrofinance\vendor\laravel\framework\src\Illuminate\Routing\Router.php(644): Illuminate\Pipeline\Pipeline->then(Object(Closure))
#36 C:\xampp\htdocs\ioMicrofinance\vendor\laravel\framework\src\Illuminate\Routing\Router.php(618): Illuminate\Routing\Router->runRouteWithinStack(Object(Illuminate\Routing\Route), Object(Illuminate\Http\Request))
#37 C:\xampp\htdocs\ioMicrofinance\vendor\laravel\framework\src\Illuminate\Routing\Router.php(596): Illuminate\Routing\Router->dispatchToRoute(Object(Illuminate\Http\Request))
#38 C:\xampp\htdocs\ioMicrofinance\vendor\laravel\framework\src\Illuminate\Foundation\Http\Kernel.php(267): Illuminate\Routing\Router->dispatch(Object(Illuminate\Http\Request))
#39 C:\xampp\htdocs\ioMicrofinance\vendor\laravel\framework\src\Illuminate\Routing\Pipeline.php(53): Illuminate\Foundation\Http\Kernel->Illuminate\Foundation\Http\{closure}(Object(Illuminate\Http\Request))
#40 C:\xampp\htdocs\ioMicrofinance\vendor\laravel\framework\src\Illuminate\Foundation\Http\Middleware\CheckForMaintenanceMode.php(46): Illuminate\Routing\Pipeline->Illuminate\Routing\{closure}(Object(Illuminate\Http\Request))
#41 C:\xampp\htdocs\ioMicrofinance\vendor\laravel\framework\src\Illuminate\Pipeline\Pipeline.php(137): Illuminate\Foundation\Http\Middleware\CheckForMaintenanceMode->handle(Object(Illuminate\Http\Request), Object(Closure))
#42 C:\xampp\htdocs\ioMicrofinance\vendor\laravel\framework\src\Illuminate\Routing\Pipeline.php(33): Illuminate\Pipeline\Pipeline->Illuminate\Pipeline\{closure}(Object(Illuminate\Http\Request))
#43 C:\xampp\htdocs\ioMicrofinance\vendor\laravel\framework\src\Illuminate\Pipeline\Pipeline.php(104): Illuminate\Routing\Pipeline->Illuminate\Routing\{closure}(Object(Illuminate\Http\Request))
#44 C:\xampp\htdocs\ioMicrofinance\vendor\laravel\framework\src\Illuminate\Foundation\Http\Kernel.php(149): Illuminate\Pipeline\Pipeline->then(Object(Closure))
#45 C:\xampp\htdocs\ioMicrofinance\vendor\laravel\framework\src\Illuminate\Foundation\Http\Kernel.php(116): Illuminate\Foundation\Http\Kernel->sendRequestThroughRouter(Object(Illuminate\Http\Request))
#46 C:\xampp\htdocs\ioMicrofinance\public\index.php(54): Illuminate\Foundation\Http\Kernel->handle(Object(Illuminate\Http\Request))
#47 {main}  
[2016-10-19 12:36:24] local.ERROR: exception 'InvalidArgumentException' with message 'Route [customers.create] not defined.' in C:\xampp\htdocs\ioMicrofinance\vendor\laravel\framework\src\Illuminate\Routing\UrlGenerator.php:314
Stack trace:
#0 C:\xampp\htdocs\ioMicrofinance\vendor\laravel\framework\src\Illuminate\Foundation\helpers.php(692): Illuminate\Routing\UrlGenerator->route('customers.creat...', Array, true)
#1 C:\xampp\htdocs\ioMicrofinance\storage\framework\views\ed0b12012fc353566d2072cfbbee8da83bc1cbb0.php(31): route('customers.creat...')
#2 C:\xampp\htdocs\ioMicrofinance\vendor\laravel\framework\src\Illuminate\View\Engines\PhpEngine.php(42): include('C:\\xampp\\htdocs...')
#3 C:\xampp\htdocs\ioMicrofinance\vendor\laravel\framework\src\Illuminate\View\Engines\CompilerEngine.php(59): Illuminate\View\Engines\PhpEngine->evaluatePath('C:\\xampp\\htdocs...', Array)
#4 C:\xampp\htdocs\ioMicrofinance\vendor\laravel\framework\src\Illuminate\View\View.php(149): Illuminate\View\Engines\CompilerEngine->get('C:\\xampp\\htdocs...', Array)
#5 C:\xampp\htdocs\ioMicrofinance\vendor\laravel\framework\src\Illuminate\View\View.php(120): Illuminate\View\View->getContents()
#6 C:\xampp\htdocs\ioMicrofinance\vendor\laravel\framework\src\Illuminate\View\View.php(85): Illuminate\View\View->renderContents()
#7 C:\xampp\htdocs\ioMicrofinance\vendor\laravel\framework\src\Illuminate\Http\Response.php(45): Illuminate\View\View->render()
#8 C:\xampp\htdocs\ioMicrofinance\vendor\symfony\http-foundation\Response.php(201): Illuminate\Http\Response->setContent(Object(Illuminate\View\View))
#9 C:\xampp\htdocs\ioMicrofinance\vendor\laravel\framework\src\Illuminate\Routing\Router.php(1042): Symfony\Component\HttpFoundation\Response->__construct(Object(Illuminate\View\View))
#10 C:\xampp\htdocs\ioMicrofinance\vendor\laravel\framework\src\Illuminate\Routing\Router.php(643): Illuminate\Routing\Router->prepareResponse(Object(Illuminate\Http\Request), Object(Illuminate\View\View))
#11 C:\xampp\htdocs\ioMicrofinance\vendor\laravel\framework\src\Illuminate\Routing\Pipeline.php(53): Illuminate\Routing\Router->Illuminate\Routing\{closure}(Object(Illuminate\Http\Request))
#12 C:\xampp\htdocs\ioMicrofinance\app\Http\Middleware\App.php(22): Illuminate\Routing\Pipeline->Illuminate\Routing\{closure}(Object(Illuminate\Http\Request))
#13 C:\xampp\htdocs\ioMicrofinance\vendor\laravel\framework\src\Illuminate\Pipeline\Pipeline.php(137): App\Http\Middleware\App->handle(Object(Illuminate\Http\Request), Object(Closure))
#14 C:\xampp\htdocs\ioMicrofinance\vendor\laravel\framework\src\Illuminate\Routing\Pipeline.php(33): Illuminate\Pipeline\Pipeline->Illuminate\Pipeline\{closure}(Object(Illuminate\Http\Request))
#15 C:\xampp\htdocs\ioMicrofinance\vendor\laravel\framework\src\Illuminate\Routing\Middleware\SubstituteBindings.php(41): Illuminate\Routing\Pipeline->Illuminate\Routing\{closure}(Object(Illuminate\Http\Request))
#16 C:\xampp\htdocs\ioMicrofinance\vendor\laravel\framework\src\Illuminate\Pipeline\Pipeline.php(137): Illuminate\Routing\Middleware\SubstituteBindings->handle(Object(Illuminate\Http\Request), Object(Closure))
#17 C:\xampp\htdocs\ioMicrofinance\vendor\laravel\framework\src\Illuminate\Routing\Pipeline.php(33): Illuminate\Pipeline\Pipeline->Illuminate\Pipeline\{closure}(Object(Illuminate\Http\Request))
#18 C:\xampp\htdocs\ioMicrofinance\vendor\laravel\framework\src\Illuminate\Auth\Middleware\Authenticate.php(43): Illuminate\Routing\Pipeline->Illuminate\Routing\{closure}(Object(Illuminate\Http\Request))
#19 C:\xampp\htdocs\ioMicrofinance\vendor\laravel\framework\src\Illuminate\Pipeline\Pipeline.php(137): Illuminate\Auth\Middleware\Authenticate->handle(Object(Illuminate\Http\Request), Object(Closure))
#20 C:\xampp\htdocs\ioMicrofinance\vendor\laravel\framework\src\Illuminate\Routing\Pipeline.php(33): Illuminate\Pipeline\Pipeline->Illuminate\Pipeline\{closure}(Object(Illuminate\Http\Request))
#21 C:\xampp\htdocs\ioMicrofinance\vendor\laravel\framework\src\Illuminate\Foundation\Http\Middleware\VerifyCsrfToken.php(64): Illuminate\Routing\Pipeline->Illuminate\Routing\{closure}(Object(Illuminate\Http\Request))
#22 C:\xampp\htdocs\ioMicrofinance\vendor\laravel\framework\src\Illuminate\Pipeline\Pipeline.php(137): Illuminate\Foundation\Http\Middleware\VerifyCsrfToken->handle(Object(Illuminate\Http\Request), Object(Closure))
#23 C:\xampp\htdocs\ioMicrofinance\vendor\laravel\framework\src\Illuminate\Routing\Pipeline.php(33): Illuminate\Pipeline\Pipeline->Illuminate\Pipeline\{closure}(Object(Illuminate\Http\Request))
#24 C:\xampp\htdocs\ioMicrofinance\vendor\laravel\framework\src\Illuminate\View\Middleware\ShareErrorsFromSession.php(49): Illuminate\Routing\Pipeline->Illuminate\Routing\{closure}(Object(Illuminate\Http\Request))
#25 C:\xampp\htdocs\ioMicrofinance\vendor\laravel\framework\src\Illuminate\Pipeline\Pipeline.php(137): Illuminate\View\Middleware\ShareErrorsFromSession->handle(Object(Illuminate\Http\Request), Object(Closure))
#26 C:\xampp\htdocs\ioMicrofinance\vendor\laravel\framework\src\Illuminate\Routing\Pipeline.php(33): Illuminate\Pipeline\Pipeline->Illuminate\Pipeline\{closure}(Object(Illuminate\Http\Request))
#27 C:\xampp\htdocs\ioMicrofinance\vendor\laravel\framework\src\Illuminate\Session\Middleware\StartSession.php(64): Illuminate\Routing\Pipeline->Illuminate\Routing\{closure}(Object(Illuminate\Http\Request))
#28 C:\xampp\htdocs\ioMicrofinance\vendor\laravel\framework\src\Illuminate\Pipeline\Pipeline.php(137): Illuminate\Session\Middleware\StartSession->handle(Object(Illuminate\Http\Request), Object(Closure))
#29 C:\xampp\htdocs\ioMicrofinance\vendor\laravel\framework\src\Illuminate\Routing\Pipeline.php(33): Illuminate\Pipeline\Pipeline->Illuminate\Pipeline\{closure}(Object(Illuminate\Http\Request))
#30 C:\xampp\htdocs\ioMicrofinance\vendor\laravel\framework\src\Illuminate\Cookie\Middleware\AddQueuedCookiesToResponse.php(37): Illuminate\Routing\Pipeline->Illuminate\Routing\{closure}(Object(Illuminate\Http\Request))
#31 C:\xampp\htdocs\ioMicrofinance\vendor\laravel\framework\src\Illuminate\Pipeline\Pipeline.php(137): Illuminate\Cookie\Middleware\AddQueuedCookiesToResponse->handle(Object(Illuminate\Http\Request), Object(Closure))
#32 C:\xampp\htdocs\ioMicrofinance\vendor\laravel\framework\src\Illuminate\Routing\Pipeline.php(33): Illuminate\Pipeline\Pipeline->Illuminate\Pipeline\{closure}(Object(Illuminate\Http\Request))
#33 C:\xampp\htdocs\ioMicrofinance\vendor\laravel\framework\src\Illuminate\Cookie\Middleware\EncryptCookies.php(59): Illuminate\Routing\Pipeline->Illuminate\Routing\{closure}(Object(Illuminate\Http\Request))
#34 C:\xampp\htdocs\ioMicrofinance\vendor\laravel\framework\src\Illuminate\Pipeline\Pipeline.php(137): Illuminate\Cookie\Middleware\EncryptCookies->handle(Object(Illuminate\Http\Request), Object(Closure))
#35 C:\xampp\htdocs\ioMicrofinance\vendor\laravel\framework\src\Illuminate\Routing\Pipeline.php(33): Illuminate\Pipeline\Pipeline->Illuminate\Pipeline\{closure}(Object(Illuminate\Http\Request))
#36 C:\xampp\htdocs\ioMicrofinance\vendor\laravel\framework\src\Illuminate\Pipeline\Pipeline.php(104): Illuminate\Routing\Pipeline->Illuminate\Routing\{closure}(Object(Illuminate\Http\Request))
#37 C:\xampp\htdocs\ioMicrofinance\vendor\laravel\framework\src\Illuminate\Routing\Router.php(644): Illuminate\Pipeline\Pipeline->then(Object(Closure))
#38 C:\xampp\htdocs\ioMicrofinance\vendor\laravel\framework\src\Illuminate\Routing\Router.php(618): Illuminate\Routing\Router->runRouteWithinStack(Object(Illuminate\Routing\Route), Object(Illuminate\Http\Request))
#39 C:\xampp\htdocs\ioMicrofinance\vendor\laravel\framework\src\Illuminate\Routing\Router.php(596): Illuminate\Routing\Router->dispatchToRoute(Object(Illuminate\Http\Request))
#40 C:\xampp\htdocs\ioMicrofinance\vendor\laravel\framework\src\Illuminate\Foundation\Http\Kernel.php(267): Illuminate\Routing\Router->dispatch(Object(Illuminate\Http\Request))
#41 C:\xampp\htdocs\ioMicrofinance\vendor\laravel\framework\src\Illuminate\Routing\Pipeline.php(53): Illuminate\Foundation\Http\Kernel->Illuminate\Foundation\Http\{closure}(Object(Illuminate\Http\Request))
#42 C:\xampp\htdocs\ioMicrofinance\vendor\laravel\framework\src\Illuminate\Foundation\Http\Middleware\CheckForMaintenanceMode.php(46): Illuminate\Routing\Pipeline->Illuminate\Routing\{closure}(Object(Illuminate\Http\Request))
#43 C:\xampp\htdocs\ioMicrofinance\vendor\laravel\framework\src\Illuminate\Pipeline\Pipeline.php(137): Illuminate\Foundation\Http\Middleware\CheckForMaintenanceMode->handle(Object(Illuminate\Http\Request), Object(Closure))
#44 C:\xampp\htdocs\ioMicrofinance\vendor\laravel\framework\src\Illuminate\Routing\Pipeline.php(33): Illuminate\Pipeline\Pipeline->Illuminate\Pipeline\{closure}(Object(Illuminate\Http\Request))
#45 C:\xampp\htdocs\ioMicrofinance\vendor\laravel\framework\src\Illuminate\Pipeline\Pipeline.php(104): Illuminate\Routing\Pipeline->Illuminate\Routing\{closure}(Object(Illuminate\Http\Request))
#46 C:\xampp\htdocs\ioMicrofinance\vendor\laravel\framework\src\Illuminate\Foundation\Http\Kernel.php(149): Illuminate\Pipeline\Pipeline->then(Object(Closure))
#47 C:\xampp\htdocs\ioMicrofinance\vendor\laravel\framework\src\Illuminate\Foundation\Http\Kernel.php(116): Illuminate\Foundation\Http\Kernel->sendRequestThroughRouter(Object(Illuminate\Http\Request))
#48 C:\xampp\htdocs\ioMicrofinance\public\index.php(54): Illuminate\Foundation\Http\Kernel->handle(Object(Illuminate\Http\Request))
#49 {main}

Next exception 'ErrorException' with message 'Route [customers.create] not defined. (View: C:\xampp\htdocs\ioMicrofinance\resources\views\customers\index.blade.php)' in C:\xampp\htdocs\ioMicrofinance\vendor\laravel\framework\src\Illuminate\Routing\UrlGenerator.php:314
Stack trace:
#0 C:\xampp\htdocs\ioMicrofinance\vendor\laravel\framework\src\Illuminate\View\Engines\PhpEngine.php(44): Illuminate\View\Engines\CompilerEngine->handleViewException(Object(InvalidArgumentException), 1)
#1 C:\xampp\htdocs\ioMicrofinance\vendor\laravel\framework\src\Illuminate\View\Engines\CompilerEngine.php(59): Illuminate\View\Engines\PhpEngine->evaluatePath('C:\\xampp\\htdocs...', Array)
#2 C:\xampp\htdocs\ioMicrofinance\vendor\laravel\framework\src\Illuminate\View\View.php(149): Illuminate\View\Engines\CompilerEngine->get('C:\\xampp\\htdocs...', Array)
#3 C:\xampp\htdocs\ioMicrofinance\vendor\laravel\framework\src\Illuminate\View\View.php(120): Illuminate\View\View->getContents()
#4 C:\xampp\htdocs\ioMicrofinance\vendor\laravel\framework\src\Illuminate\View\View.php(85): Illuminate\View\View->renderContents()
#5 C:\xampp\htdocs\ioMicrofinance\vendor\laravel\framework\src\Illuminate\Http\Response.php(45): Illuminate\View\View->render()
#6 C:\xampp\htdocs\ioMicrofinance\vendor\symfony\http-foundation\Response.php(201): Illuminate\Http\Response->setContent(Object(Illuminate\View\View))
#7 C:\xampp\htdocs\ioMicrofinance\vendor\laravel\framework\src\Illuminate\Routing\Router.php(1042): Symfony\Component\HttpFoundation\Response->__construct(Object(Illuminate\View\View))
#8 C:\xampp\htdocs\ioMicrofinance\vendor\laravel\framework\src\Illuminate\Routing\Router.php(643): Illuminate\Routing\Router->prepareResponse(Object(Illuminate\Http\Request), Object(Illuminate\View\View))
#9 C:\xampp\htdocs\ioMicrofinance\vendor\laravel\framework\src\Illuminate\Routing\Pipeline.php(53): Illuminate\Routing\Router->Illuminate\Routing\{closure}(Object(Illuminate\Http\Request))
#10 C:\xampp\htdocs\ioMicrofinance\app\Http\Middleware\App.php(22): Illuminate\Routing\Pipeline->Illuminate\Routing\{closure}(Object(Illuminate\Http\Request))
#11 C:\xampp\htdocs\ioMicrofinance\vendor\laravel\framework\src\Illuminate\Pipeline\Pipeline.php(137): App\Http\Middleware\App->handle(Object(Illuminate\Http\Request), Object(Closure))
#12 C:\xampp\htdocs\ioMicrofinance\vendor\laravel\framework\src\Illuminate\Routing\Pipeline.php(33): Illuminate\Pipeline\Pipeline->Illuminate\Pipeline\{closure}(Object(Illuminate\Http\Request))
#13 C:\xampp\htdocs\ioMicrofinance\vendor\laravel\framework\src\Illuminate\Routing\Middleware\SubstituteBindings.php(41): Illuminate\Routing\Pipeline->Illuminate\Routing\{closure}(Object(Illuminate\Http\Request))
#14 C:\xampp\htdocs\ioMicrofinance\vendor\laravel\framework\src\Illuminate\Pipeline\Pipeline.php(137): Illuminate\Routing\Middleware\SubstituteBindings->handle(Object(Illuminate\Http\Request), Object(Closure))
#15 C:\xampp\htdocs\ioMicrofinance\vendor\laravel\framework\src\Illuminate\Routing\Pipeline.php(33): Illuminate\Pipeline\Pipeline->Illuminate\Pipeline\{closure}(Object(Illuminate\Http\Request))
#16 C:\xampp\htdocs\ioMicrofinance\vendor\laravel\framework\src\Illuminate\Auth\Middleware\Authenticate.php(43): Illuminate\Routing\Pipeline->Illuminate\Routing\{closure}(Object(Illuminate\Http\Request))
#17 C:\xampp\htdocs\ioMicrofinance\vendor\laravel\framework\src\Illuminate\Pipeline\Pipeline.php(137): Illuminate\Auth\Middleware\Authenticate->handle(Object(Illuminate\Http\Request), Object(Closure))
#18 C:\xampp\htdocs\ioMicrofinance\vendor\laravel\framework\src\Illuminate\Routing\Pipeline.php(33): Illuminate\Pipeline\Pipeline->Illuminate\Pipeline\{closure}(Object(Illuminate\Http\Request))
#19 C:\xampp\htdocs\ioMicrofinance\vendor\laravel\framework\src\Illuminate\Foundation\Http\Middleware\VerifyCsrfToken.php(64): Illuminate\Routing\Pipeline->Illuminate\Routing\{closure}(Object(Illuminate\Http\Request))
#20 C:\xampp\htdocs\ioMicrofinance\vendor\laravel\framework\src\Illuminate\Pipeline\Pipeline.php(137): Illuminate\Foundation\Http\Middleware\VerifyCsrfToken->handle(Object(Illuminate\Http\Request), Object(Closure))
#21 C:\xampp\htdocs\ioMicrofinance\vendor\laravel\framework\src\Illuminate\Routing\Pipeline.php(33): Illuminate\Pipeline\Pipeline->Illuminate\Pipeline\{closure}(Object(Illuminate\Http\Request))
#22 C:\xampp\htdocs\ioMicrofinance\vendor\laravel\framework\src\Illuminate\View\Middleware\ShareErrorsFromSession.php(49): Illuminate\Routing\Pipeline->Illuminate\Routing\{closure}(Object(Illuminate\Http\Request))
#23 C:\xampp\htdocs\ioMicrofinance\vendor\laravel\framework\src\Illuminate\Pipeline\Pipeline.php(137): Illuminate\View\Middleware\ShareErrorsFromSession->handle(Object(Illuminate\Http\Request), Object(Closure))
#24 C:\xampp\htdocs\ioMicrofinance\vendor\laravel\framework\src\Illuminate\Routing\Pipeline.php(33): Illuminate\Pipeline\Pipeline->Illuminate\Pipeline\{closure}(Object(Illuminate\Http\Request))
#25 C:\xampp\htdocs\ioMicrofinance\vendor\laravel\framework\src\Illuminate\Session\Middleware\StartSession.php(64): Illuminate\Routing\Pipeline->Illuminate\Routing\{closure}(Object(Illuminate\Http\Request))
#26 C:\xampp\htdocs\ioMicrofinance\vendor\laravel\framework\src\Illuminate\Pipeline\Pipeline.php(137): Illuminate\Session\Middleware\StartSession->handle(Object(Illuminate\Http\Request), Object(Closure))
#27 C:\xampp\htdocs\ioMicrofinance\vendor\laravel\framework\src\Illuminate\Routing\Pipeline.php(33): Illuminate\Pipeline\Pipeline->Illuminate\Pipeline\{closure}(Object(Illuminate\Http\Request))
#28 C:\xampp\htdocs\ioMicrofinance\vendor\laravel\framework\src\Illuminate\Cookie\Middleware\AddQueuedCookiesToResponse.php(37): Illuminate\Routing\Pipeline->Illuminate\Routing\{closure}(Object(Illuminate\Http\Request))
#29 C:\xampp\htdocs\ioMicrofinance\vendor\laravel\framework\src\Illuminate\Pipeline\Pipeline.php(137): Illuminate\Cookie\Middleware\AddQueuedCookiesToResponse->handle(Object(Illuminate\Http\Request), Object(Closure))
#30 C:\xampp\htdocs\ioMicrofinance\vendor\laravel\framework\src\Illuminate\Routing\Pipeline.php(33): Illuminate\Pipeline\Pipeline->Illuminate\Pipeline\{closure}(Object(Illuminate\Http\Request))
#31 C:\xampp\htdocs\ioMicrofinance\vendor\laravel\framework\src\Illuminate\Cookie\Middleware\EncryptCookies.php(59): Illuminate\Routing\Pipeline->Illuminate\Routing\{closure}(Object(Illuminate\Http\Request))
#32 C:\xampp\htdocs\ioMicrofinance\vendor\laravel\framework\src\Illuminate\Pipeline\Pipeline.php(137): Illuminate\Cookie\Middleware\EncryptCookies->handle(Object(Illuminate\Http\Request), Object(Closure))
#33 C:\xampp\htdocs\ioMicrofinance\vendor\laravel\framework\src\Illuminate\Routing\Pipeline.php(33): Illuminate\Pipeline\Pipeline->Illuminate\Pipeline\{closure}(Object(Illuminate\Http\Request))
#34 C:\xampp\htdocs\ioMicrofinance\vendor\laravel\framework\src\Illuminate\Pipeline\Pipeline.php(104): Illuminate\Routing\Pipeline->Illuminate\Routing\{closure}(Object(Illuminate\Http\Request))
#35 C:\xampp\htdocs\ioMicrofinance\vendor\laravel\framework\src\Illuminate\Routing\Router.php(644): Illuminate\Pipeline\Pipeline->then(Object(Closure))
#36 C:\xampp\htdocs\ioMicrofinance\vendor\laravel\framework\src\Illuminate\Routing\Router.php(618): Illuminate\Routing\Router->runRouteWithinStack(Object(Illuminate\Routing\Route), Object(Illuminate\Http\Request))
#37 C:\xampp\htdocs\ioMicrofinance\vendor\laravel\framework\src\Illuminate\Routing\Router.php(596): Illuminate\Routing\Router->dispatchToRoute(Object(Illuminate\Http\Request))
#38 C:\xampp\htdocs\ioMicrofinance\vendor\laravel\framework\src\Illuminate\Foundation\Http\Kernel.php(267): Illuminate\Routing\Router->dispatch(Object(Illuminate\Http\Request))
#39 C:\xampp\htdocs\ioMicrofinance\vendor\laravel\framework\src\Illuminate\Routing\Pipeline.php(53): Illuminate\Foundation\Http\Kernel->Illuminate\Foundation\Http\{closure}(Object(Illuminate\Http\Request))
#40 C:\xampp\htdocs\ioMicrofinance\vendor\laravel\framework\src\Illuminate\Foundation\Http\Middleware\CheckForMaintenanceMode.php(46): Illuminate\Routing\Pipeline->Illuminate\Routing\{closure}(Object(Illuminate\Http\Request))
#41 C:\xampp\htdocs\ioMicrofinance\vendor\laravel\framework\src\Illuminate\Pipeline\Pipeline.php(137): Illuminate\Foundation\Http\Middleware\CheckForMaintenanceMode->handle(Object(Illuminate\Http\Request), Object(Closure))
#42 C:\xampp\htdocs\ioMicrofinance\vendor\laravel\framework\src\Illuminate\Routing\Pipeline.php(33): Illuminate\Pipeline\Pipeline->Illuminate\Pipeline\{closure}(Object(Illuminate\Http\Request))
#43 C:\xampp\htdocs\ioMicrofinance\vendor\laravel\framework\src\Illuminate\Pipeline\Pipeline.php(104): Illuminate\Routing\Pipeline->Illuminate\Routing\{closure}(Object(Illuminate\Http\Request))
#44 C:\xampp\htdocs\ioMicrofinance\vendor\laravel\framework\src\Illuminate\Foundation\Http\Kernel.php(149): Illuminate\Pipeline\Pipeline->then(Object(Closure))
#45 C:\xampp\htdocs\ioMicrofinance\vendor\laravel\framework\src\Illuminate\Foundation\Http\Kernel.php(116): Illuminate\Foundation\Http\Kernel->sendRequestThroughRouter(Object(Illuminate\Http\Request))
#46 C:\xampp\htdocs\ioMicrofinance\public\index.php(54): Illuminate\Foundation\Http\Kernel->handle(Object(Illuminate\Http\Request))
#47 {main}  
[2016-10-19 13:52:41] local.ERROR: exception 'Symfony\Component\Debug\Exception\FatalErrorException' with message 'syntax error, unexpected 'return' (T_RETURN), expecting variable (T_VARIABLE) or '$'' in C:\xampp\htdocs\ioMicrofinance\app\Http\Controllers\LoansController.php:161
Stack trace:
#0 {main}  
